TN:
SF:src\doctor.ts
FN:46,(anonymous_0)
FN:55,(anonymous_1)
FN:66,(anonymous_2)
FN:77,(anonymous_3)
FN:84,(anonymous_4)
FN:95,(anonymous_5)
FN:118,(anonymous_6)
FN:123,(anonymous_7)
FN:142,(anonymous_8)
FN:144,(anonymous_9)
FN:144,(anonymous_10)
FN:145,(anonymous_11)
FN:145,(anonymous_12)
FN:169,(anonymous_13)
FN:171,(anonymous_14)
FN:174,(anonymous_15)
FN:182,(anonymous_16)
FN:186,(anonymous_17)
FN:186,(anonymous_18)
FN:195,(anonymous_19)
FN:203,(anonymous_20)
FN:213,(anonymous_21)
FN:214,(anonymous_22)
FN:215,(anonymous_23)
FN:216,(anonymous_24)
FN:218,(anonymous_25)
FN:222,(anonymous_26)
FN:223,(anonymous_27)
FN:229,(anonymous_28)
FN:232,(anonymous_29)
FN:247,(anonymous_30)
FN:269,(anonymous_31)
FN:270,(anonymous_32)
FNF:33
FNH:31
FNDA:32,(anonymous_0)
FNDA:2,(anonymous_1)
FNDA:3,(anonymous_2)
FNDA:3,(anonymous_3)
FNDA:3,(anonymous_4)
FNDA:5,(anonymous_5)
FNDA:2,(anonymous_6)
FNDA:2,(anonymous_7)
FNDA:4,(anonymous_8)
FNDA:44,(anonymous_9)
FNDA:1,(anonymous_10)
FNDA:44,(anonymous_11)
FNDA:18,(anonymous_12)
FNDA:3,(anonymous_13)
FNDA:3,(anonymous_14)
FNDA:3,(anonymous_15)
FNDA:0,(anonymous_16)
FNDA:3,(anonymous_17)
FNDA:1,(anonymous_18)
FNDA:4,(anonymous_19)
FNDA:12,(anonymous_20)
FNDA:5,(anonymous_21)
FNDA:3,(anonymous_22)
FNDA:6,(anonymous_23)
FNDA:2,(anonymous_24)
FNDA:2,(anonymous_25)
FNDA:3,(anonymous_26)
FNDA:3,(anonymous_27)
FNDA:8,(anonymous_28)
FNDA:1,(anonymous_29)
FNDA:3,(anonymous_30)
FNDA:8,(anonymous_31)
FNDA:0,(anonymous_32)
DA:36,16
DA:52,32
DA:53,32
DA:54,32
DA:56,2
DA:57,2
DA:67,3
DA:68,3
DA:77,3
DA:85,3
DA:86,3
DA:96,5
DA:97,3
DA:106,2
DA:118,2
DA:124,2
DA:125,2
DA:126,0
DA:133,2
DA:143,4
DA:144,44
DA:145,44
DA:147,4
DA:150,4
DA:170,3
DA:171,3
DA:174,3
DA:175,3
DA:176,0
DA:182,0
DA:186,3
DA:187,3
DA:196,4
DA:197,4
DA:198,4
DA:199,12
DA:200,12
DA:201,12
DA:203,12
DA:204,4
DA:213,5
DA:214,3
DA:215,6
DA:216,2
DA:218,2
DA:222,3
DA:223,3
DA:227,32
DA:228,32
DA:229,32
DA:230,32
DA:233,1
DA:234,1
DA:248,3
DA:252,3
DA:269,32
DA:271,0
DA:272,0
DA:287,32
LF:59
LH:54
BRDA:53,0,0,32
BRDA:53,0,1,29
BRDA:56,1,0,2
BRDA:56,1,1,0
BRDA:57,2,0,2
BRDA:57,2,1,0
BRDA:68,3,0,2
BRDA:68,3,1,1
BRDA:79,4,0,2
BRDA:79,4,1,1
BRDA:80,5,0,2
BRDA:80,5,1,1
BRDA:86,6,0,2
BRDA:86,6,1,1
BRDA:96,7,0,3
BRDA:96,7,1,2
BRDA:106,8,0,1
BRDA:106,8,1,1
BRDA:110,9,0,1
BRDA:110,9,1,0
BRDA:125,10,0,0
BRDA:125,10,1,2
BRDA:125,11,0,2
BRDA:125,11,1,0
BRDA:137,12,0,0
BRDA:137,12,1,2
BRDA:145,13,0,44
BRDA:145,13,1,18
BRDA:147,14,0,4
BRDA:147,14,1,0
BRDA:150,15,0,1
BRDA:150,15,1,3
BRDA:160,16,0,3
BRDA:160,16,1,0
BRDA:175,17,0,0
BRDA:175,17,1,3
BRDA:182,18,0,0
BRDA:182,18,1,0
BRDA:187,19,0,1
BRDA:187,19,1,2
BRDA:199,20,0,0
BRDA:199,20,1,12
BRDA:201,21,0,4
BRDA:201,21,1,8
BRDA:201,22,0,12
BRDA:201,22,1,10
BRDA:201,22,2,10
BRDA:204,23,0,1
BRDA:204,23,1,3
BRDA:228,24,0,32
BRDA:228,24,1,27
BRDA:230,25,0,5
BRDA:230,25,1,27
BRDA:234,26,0,0
BRDA:234,26,1,1
BRDA:252,27,0,2
BRDA:252,27,1,1
BRDA:257,28,0,1
BRDA:257,28,1,1
BRDA:272,29,0,0
BRDA:272,29,1,0
BRF:61
BRH:46
end_of_record
TN:
SF:src\errors.ts
FN:8,constructor
FN:17,constructor_2
FN:24,constructor_3
FN:31,constructor_4
FN:38,constructor_5
FN:45,constructor_6
FN:52,constructor_7
FN:59,constructor_8
FN:66,constructor_9
FNF:9
FNH:6
FNDA:151,constructor
FNDA:6,constructor_2
FNDA:0,constructor_3
FNDA:8,constructor_4
FNDA:0,constructor_5
FNDA:0,constructor_6
FNDA:2,constructor_7
FNDA:8,constructor_8
FNDA:4,constructor_9
DA:9,151
DA:10,151
DA:11,151
DA:18,6
DA:25,0
DA:32,8
DA:39,0
DA:46,0
DA:53,2
DA:60,8
DA:67,4
LF:11
LH:8
BRDA:8,0,0,151
BRF:1
BRH:1
end_of_record
TN:
SF:src\index.ts
FNF:0
FNH:0
LF:0
LH:0
BRF:0
BRH:0
end_of_record
TN:
SF:src\program.ts
FN:16,buildProgram
FN:36,isVersionFastPath
FN:48,buildProgramWithPlugins
FNF:3
FNH:3
FNDA:17,buildProgram
FNDA:6,isVersionFastPath
FNDA:1,buildProgramWithPlugins
DA:6,14
DA:17,17
DA:18,17
DA:25,17
DA:26,17
DA:37,6
DA:38,6
DA:52,1
DA:53,1
DA:54,1
LF:10
LH:10
BRDA:16,0,0,17
BRDA:38,1,0,6
BRDA:38,1,1,5
BRF:3
BRH:3
end_of_record
TN:
SF:src\scale-safety.ts
FN:10,onPath
FN:16,trackedFileCount
FN:22,repoMcpHasCodeReviewGraph
FN:33,codeReviewGraphAvailability
FN:57,scaleSafetyCheck
FN:89,scaleSafetyDigest
FNF:6
FNH:6
FNDA:8,onPath
FNDA:156,trackedFileCount
FNDA:4,repoMcpHasCodeReviewGraph
FNDA:4,codeReviewGraphAvailability
FNDA:40,scaleSafetyCheck
FNDA:35,scaleSafetyDigest
DA:8,31
DA:11,8
DA:12,8
DA:13,8
DA:17,156
DA:18,156
DA:19,153
DA:23,4
DA:24,4
DA:25,2
DA:26,2
DA:27,2
DA:29,0
DA:37,4
DA:38,0
DA:40,4
DA:41,4
DA:42,4
DA:43,2
DA:45,2
DA:46,0
DA:51,2
DA:58,40
DA:59,40
DA:60,40
DA:61,2
DA:63,38
DA:64,34
DA:70,4
DA:71,4
DA:72,2
DA:78,2
DA:90,35
DA:91,35
DA:92,3
DA:93,2
DA:94,2
LF:37
LH:34
BRDA:11,0,0,0
BRDA:11,0,1,8
BRDA:13,1,0,8
BRDA:13,1,1,5
BRDA:13,1,2,5
BRDA:18,2,0,3
BRDA:18,2,1,153
BRDA:24,3,0,2
BRDA:24,3,1,2
BRDA:37,4,0,0
BRDA:37,4,1,4
BRDA:42,5,0,2
BRDA:42,5,1,2
BRDA:42,6,0,4
BRDA:42,6,1,2
BRDA:45,7,0,0
BRDA:45,7,1,2
BRDA:60,8,0,2
BRDA:60,8,1,38
BRDA:63,9,0,34
BRDA:63,9,1,4
BRDA:71,10,0,2
BRDA:71,10,1,2
BRDA:91,11,0,32
BRDA:91,11,1,3
BRDA:92,12,0,1
BRDA:92,12,1,2
BRDA:95,13,0,1
BRDA:95,13,1,1
BRDA:99,14,0,1
BRDA:99,14,1,1
BRDA:103,15,0,35
BRDA:103,15,1,0
BRF:33
BRH:29
end_of_record
TN:
SF:src\status.ts
FN:34,inventory
FN:35,(anonymous_1)
FN:48,enforcementDetail
FN:69,(anonymous_3)
FN:72,(anonymous_4)
FN:74,(anonymous_5)
FNF:6
FNH:6
FNDA:91,inventory
FNDA:364,(anonymous_1)
FNDA:3,enforcementDetail
FNDA:9,(anonymous_3)
FNDA:36,(anonymous_4)
FNDA:32,(anonymous_5)
DA:15,29
DA:35,91
DA:36,364
DA:37,364
DA:49,3
DA:53,3
DA:57,0
DA:64,29
DA:69,9
DA:72,36
DA:76,32
LF:11
LH:10
BRDA:36,0,0,91
BRDA:36,0,1,273
BRDA:49,1,0,3
BRDA:49,1,1,0
BRDA:53,2,0,2
BRDA:53,2,1,1
BRDA:76,3,0,3
BRDA:76,3,1,29
BRF:8
BRH:7
end_of_record
TN:
SF:src\adopt\apply.ts
FN:34,existingBootloaderTargets
FN:35,(anonymous_1)
FN:35,(anonymous_2)
FN:42,extensionDoc
FN:63,carveExtension
FN:92,adoptApplyActions
FNF:6
FNH:6
FNDA:12,existingBootloaderTargets
FNDA:36,(anonymous_1)
FNDA:12,(anonymous_2)
FNDA:10,extensionDoc
FNDA:12,carveExtension
FNDA:12,adoptApplyActions
DA:27,17
DA:35,36
DA:39,17
DA:43,10
DA:64,12
DA:65,10
DA:66,10
DA:67,10
DA:68,10
DA:69,10
DA:70,10
DA:71,10
DA:72,10
DA:73,10
DA:75,10
DA:97,12
DA:98,12
DA:99,12
DA:104,12
DA:105,12
DA:107,12
DA:108,12
DA:109,12
DA:111,12
DA:114,12
DA:115,10
DA:126,12
DA:127,12
DA:128,12
DA:129,12
DA:130,180
DA:131,168
DA:132,10
DA:139,10
DA:141,158
DA:145,12
DA:156,12
DA:160,17
LF:38
LH:38
BRDA:64,0,0,2
BRDA:64,0,1,10
BRDA:68,1,0,0
BRDA:68,1,1,10
BRDA:68,2,0,10
BRDA:68,2,1,10
BRDA:70,3,0,0
BRDA:70,3,1,10
BRDA:71,4,0,10
BRDA:71,4,1,0
BRDA:73,5,0,10
BRDA:73,5,1,0
BRDA:73,6,0,10
BRDA:73,6,1,10
BRDA:105,7,0,12
BRDA:105,7,1,0
BRDA:114,8,0,10
BRDA:114,8,1,2
BRDA:126,9,0,12
BRDA:126,9,1,0
BRDA:130,10,0,12
BRDA:130,10,1,168
BRDA:131,11,0,10
BRDA:131,11,1,158
BRDA:131,12,0,168
BRDA:131,12,1,140
BRDA:131,12,2,60
BRF:27
BRH:21
end_of_record
TN:
SF:src\adopt\classify.ts
FN:89,bodyLines
FN:92,(anonymous_1)
FN:93,(anonymous_2)
FN:101,classifyCanon
FN:114,(anonymous_4)
FN:124,(anonymous_5)
FN:126,(anonymous_6)
FN:128,(anonymous_7)
FN:136,(anonymous_8)
FN:154,isAdoptable
FNF:10
FNH:10
FNDA:180,bodyLines
FNDA:6892,(anonymous_1)
FNDA:6892,(anonymous_2)
FNDA:167,classifyCanon
FNDA:390,(anonymous_4)
FNDA:835,(anonymous_5)
FNDA:5,(anonymous_6)
FNDA:28,(anonymous_7)
FNDA:23,(anonymous_8)
FNDA:141,isAdoptable
DA:33,35
DA:40,35
DA:90,180
DA:92,6892
DA:93,6892
DA:102,167
DA:103,167
DA:105,167
DA:106,167
DA:107,501
DA:108,501
DA:109,28
DA:110,28
DA:111,28
DA:113,501
DA:114,390
DA:116,501
DA:119,167
DA:120,167
DA:123,167
DA:124,835
DA:126,5
DA:128,167
DA:130,167
DA:133,167
DA:134,136
DA:135,31
DA:136,23
DA:140,8
DA:143,167
DA:155,141
LF:31
LH:31
BRDA:108,0,0,473
BRDA:108,0,1,28
BRDA:111,1,0,28
BRDA:111,1,1,23
BRDA:113,2,0,13
BRDA:113,2,1,15
BRDA:113,3,0,501
BRDA:113,3,1,23
BRDA:114,4,0,13
BRDA:114,4,1,0
BRDA:130,5,0,167
BRDA:130,5,1,153
BRDA:130,5,2,153
BRDA:130,5,3,152
BRDA:133,6,0,136
BRDA:133,6,1,31
BRDA:135,7,0,23
BRDA:135,7,1,8
BRDA:136,8,0,10
BRDA:136,8,1,13
BRDA:155,9,0,141
BRDA:155,9,1,138
BRF:22
BRH:21
end_of_record
TN:
SF:src\adopt\cli-footprint.ts
FN:113,referencesCanon
FN:120,walkFiles
FN:136,isFile
FN:153,toRel
FN:164,disposeToolOwned
FN:166,(anonymous_5)
FN:171,classifyRuleFile
FN:193,classifyRuleDir
FN:197,(anonymous_8)
FN:213,(anonymous_9)
FN:220,classifyContentDir
FN:230,(anonymous_11)
FN:237,classifyRuntime
FN:255,cliFootprint
FN:271,(anonymous_14)
FNF:15
FNH:15
FNDA:19,referencesCanon
FNDA:22,walkFiles
FNDA:1022,isFile
FNDA:25,toRel
FNDA:25,disposeToolOwned
FNDA:4,(anonymous_5)
FNDA:438,classifyRuleFile
FNDA:730,classifyRuleDir
FNDA:7,(anonymous_8)
FNDA:5,(anonymous_9)
FNDA:1168,classifyContentDir
FNDA:20,(anonymous_11)
FNDA:584,classifyRuntime
FNDA:146,cliFootprint
FNDA:44,(anonymous_14)
DA:84,35
DA:114,19
DA:122,22
DA:123,22
DA:125,0
DA:127,22
DA:128,22
DA:129,27
DA:130,27
DA:131,27
DA:133,22
DA:137,1022
DA:138,1022
DA:140,999
DA:154,25
DA:165,25
DA:166,20
DA:167,18
DA:172,438
DA:173,12
DA:174,438
DA:175,7
DA:183,5
DA:194,730
DA:195,4
DA:196,4
DA:197,7
DA:198,4
DA:199,1
DA:207,3
DA:213,5
DA:221,1168
DA:222,18
DA:223,18
DA:224,17
DA:230,20
DA:238,584
DA:239,11
DA:260,146
DA:261,146
DA:262,146
DA:263,2920
DA:265,2920
DA:266,2482
DA:267,1752
DA:268,584
DA:269,2920
DA:271,146
DA:272,146
LF:49
LH:48
BRDA:115,0,0,19
BRDA:115,0,1,10
BRDA:115,0,2,8
BRDA:130,1,0,0
BRDA:130,1,1,27
BRDA:131,2,0,27
BRDA:131,2,1,0
BRDA:165,3,0,5
BRDA:165,3,1,20
BRDA:166,4,0,2
BRDA:166,4,1,18
BRDA:166,5,0,20
BRDA:166,5,1,4
BRDA:172,6,0,426
BRDA:172,6,1,12
BRDA:173,7,0,12
BRDA:173,7,1,0
BRDA:174,8,0,7
BRDA:174,8,1,431
BRDA:194,9,0,726
BRDA:194,9,1,4
BRDA:196,10,0,0
BRDA:196,10,1,4
BRDA:197,11,0,7
BRDA:197,11,1,0
BRDA:198,12,0,1
BRDA:198,12,1,3
BRDA:221,13,0,1150
BRDA:221,13,1,18
BRDA:223,14,0,1
BRDA:223,14,1,17
BRDA:238,15,0,573
BRDA:238,15,1,11
BRDA:238,16,0,584
BRDA:238,16,1,575
BRDA:258,17,0,146
BRDA:265,18,0,438
BRDA:265,18,1,2482
BRDA:266,19,0,730
BRDA:266,19,1,1752
BRDA:267,20,0,1168
BRDA:267,20,1,584
BRDA:269,21,0,44
BRDA:269,21,1,2876
BRF:44
BRH:39
end_of_record
TN:
SF:src\adopt\index.ts
FN:26,bootloaderLine
FN:45,migrationReport
FN:86,(anonymous_2)
FN:106,footprintLine
FN:117,footprintReport
FN:121,(anonymous_5)
FN:122,(anonymous_6)
FN:152,cliNativeProbe
FN:170,adoptableProbe
FN:187,parseList
FN:191,(anonymous_10)
FN:192,(anonymous_11)
FN:196,migrateReport
FN:197,(anonymous_13)
FN:197,(anonymous_14)
FN:206,(anonymous_15)
FN:228,adoptPlan
FN:255,(anonymous_17)
FN:256,(anonymous_18)
FNF:19
FNH:19
FNDA:12,bootloaderLine
FNDA:21,migrationReport
FNDA:1,(anonymous_2)
FNDA:8,footprintLine
FNDA:21,footprintReport
FNDA:8,(anonymous_5)
FNDA:8,(anonymous_6)
FNDA:4,cliNativeProbe
FNDA:3,adoptableProbe
FNDA:21,parseList
FNDA:1,(anonymous_10)
FNDA:1,(anonymous_11)
FNDA:3,migrateReport
FNDA:3,(anonymous_13)
FNDA:2,(anonymous_14)
FNDA:2,(anonymous_15)
FNDA:21,adoptPlan
FNDA:3,(anonymous_17)
FNDA:4,(anonymous_18)
DA:27,12
DA:28,0
DA:30,12
DA:32,10
DA:35,10
DA:37,2
DA:46,21
DA:47,7
DA:54,14
DA:55,2
DA:64,12
DA:67,21
DA:77,21
DA:82,21
DA:83,1
DA:86,1
DA:89,12
DA:93,12
DA:97,17
DA:107,8
DA:118,21
DA:119,14
DA:121,8
DA:122,8
DA:123,7
DA:127,7
DA:128,3
DA:135,4
DA:137,7
DA:138,3
DA:139,3
DA:140,1
DA:141,3
DA:142,3
DA:144,7
DA:153,4
DA:154,4
DA:155,1
DA:162,3
DA:171,3
DA:172,3
DA:173,1
DA:180,2
DA:181,1
DA:183,1
DA:188,21
DA:189,1
DA:191,1
DA:192,1
DA:197,3
DA:198,3
DA:199,3
DA:200,1
DA:202,2
DA:206,2
DA:208,2
DA:209,0
DA:213,2
DA:231,21
DA:232,21
DA:234,21
DA:235,21
DA:239,21
DA:243,21
DA:244,21
DA:245,21
DA:247,21
DA:248,21
DA:249,21
DA:250,21
DA:251,1
DA:253,21
DA:255,3
DA:256,4
DA:262,21
DA:263,12
DA:269,21
DA:273,21
DA:274,1
DA:284,21
DA:287,17
LF:81
LH:79
BRDA:27,0,0,0
BRDA:27,0,1,12
BRDA:27,1,0,12
BRDA:27,1,1,10
BRDA:30,2,0,10
BRDA:30,2,1,2
BRDA:32,3,0,10
BRDA:32,3,1,0
BRDA:46,4,0,7
BRDA:46,4,1,14
BRDA:54,5,0,2
BRDA:54,5,1,12
BRDA:64,6,0,10
BRDA:64,6,1,2
BRDA:80,7,0,2
BRDA:80,7,1,10
BRDA:80,8,0,2
BRDA:80,8,1,10
BRDA:82,9,0,1
BRDA:82,9,1,20
BRDA:118,10,0,14
BRDA:118,10,1,7
BRDA:127,11,0,3
BRDA:127,11,1,4
BRDA:137,12,0,3
BRDA:137,12,1,4
BRDA:137,13,0,7
BRDA:137,13,1,6
BRDA:139,14,0,1
BRDA:139,14,1,2
BRDA:141,15,0,2
BRDA:141,15,1,1
BRDA:154,16,0,1
BRDA:154,16,1,3
BRDA:172,17,0,1
BRDA:172,17,1,2
BRDA:172,18,0,3
BRDA:172,18,1,1
BRDA:180,19,0,1
BRDA:180,19,1,1
BRDA:188,20,0,20
BRDA:188,20,1,1
BRDA:199,21,0,1
BRDA:199,21,1,2
BRDA:208,22,0,0
BRDA:208,22,1,2
BRDA:232,23,0,21
BRDA:232,23,1,18
BRDA:234,24,0,21
BRDA:234,24,1,0
BRDA:244,25,0,21
BRDA:244,25,1,20
BRDA:249,26,0,3
BRDA:249,26,1,18
BRDA:250,27,0,1
BRDA:250,27,1,20
BRDA:262,28,0,12
BRDA:262,28,1,9
BRDA:262,29,0,21
BRDA:262,29,1,11
BRDA:269,30,0,3
BRDA:269,30,1,18
BRDA:273,31,0,1
BRDA:273,31,1,20
BRDA:277,32,0,1
BRDA:277,32,1,0
BRF:66
BRH:61
end_of_record
TN:
SF:src\adopt\migrate-cli.ts
FN:56,baseName
FN:62,ruleFileName
FN:69,walkFiles
FN:85,copyHeader
FN:90,pointerDoc
FN:102,isPointer
FN:111,migrateArtifact
FN:156,migrateCliActions
FN:170,migrateSkips
FNF:9
FNH:9
FNDA:3,baseName
FNDA:3,ruleFileName
FNDA:1,walkFiles
FNDA:5,copyHeader
FNDA:3,pointerDoc
FNDA:3,isPointer
FNDA:6,migrateArtifact
FNDA:8,migrateCliActions
FNDA:3,migrateSkips
DA:37,17
DA:57,3
DA:58,3
DA:63,3
DA:64,3
DA:65,3
DA:71,1
DA:72,1
DA:74,0
DA:76,1
DA:77,1
DA:78,2
DA:79,2
DA:80,2
DA:82,1
DA:86,5
DA:91,3
DA:103,3
DA:112,6
DA:113,6
DA:115,4
DA:116,3
DA:117,3
DA:118,3
DA:119,3
DA:120,3
DA:121,3
DA:133,1
DA:134,1
DA:135,1
DA:136,2
DA:137,2
DA:138,2
DA:139,2
DA:140,2
DA:148,1
DA:161,8
DA:162,8
DA:163,10
DA:164,6
DA:166,8
DA:171,3
DA:172,3
DA:173,3
DA:174,2
DA:175,2
DA:177,3
LF:47
LH:46
BRDA:58,0,0,0
BRDA:58,0,1,3
BRDA:64,1,0,0
BRDA:64,1,1,3
BRDA:79,2,0,0
BRDA:79,2,1,2
BRDA:80,3,0,2
BRDA:80,3,1,0
BRDA:103,4,0,3
BRDA:103,4,1,3
BRDA:113,5,0,2
BRDA:113,5,1,4
BRDA:113,6,0,6
BRDA:113,6,1,6
BRDA:113,6,2,5
BRDA:115,7,0,3
BRDA:115,7,1,1
BRDA:118,8,0,0
BRDA:118,8,1,3
BRDA:119,9,0,0
BRDA:119,9,1,3
BRDA:138,10,0,0
BRDA:138,10,1,2
BRDA:163,11,0,4
BRDA:163,11,1,6
BRDA:173,12,0,1
BRDA:173,12,1,2
BRDA:175,13,0,0
BRDA:175,13,1,2
BRDA:175,14,0,2
BRDA:175,14,1,2
BRDA:175,14,2,2
BRF:32
BRH:24
end_of_record
TN:
SF:src\bootstrap\index.ts
FN:46,phaseActions
FN:66,selectedPhases
FN:70,(anonymous_2)
FN:74,bootstrapPlan
FNF:4
FNH:4
FNDA:62,phaseActions
FNDA:20,selectedPhases
FNDA:15,(anonymous_2)
FNDA:20,bootstrapPlan
DA:38,15
DA:47,62
DA:49,62
DA:50,64
DA:51,64
DA:55,62
DA:56,15
DA:58,62
DA:59,14
DA:62,62
DA:67,20
DA:68,20
DA:69,7
DA:70,15
DA:71,7
DA:75,20
DA:76,20
DA:77,20
DA:78,62
DA:80,20
DA:83,15
LF:21
LH:21
BRDA:55,0,0,15
BRDA:55,0,1,47
BRDA:58,1,0,14
BRDA:58,1,1,48
BRDA:68,2,0,13
BRDA:68,2,1,7
BRDA:68,3,0,20
BRDA:68,3,1,7
BRDA:68,3,2,7
BRDA:71,4,0,6
BRDA:71,4,1,1
BRF:11
BRH:11
end_of_record
TN:
SF:src\bootstrap\phases.ts
FN:56,phaseHeader
FN:66,ssoGatewayDoc
FN:91,mdmDistributionDoc
FNF:3
FNH:3
FNDA:62,phaseHeader
FNDA:15,ssoGatewayDoc
FNDA:14,mdmDistributionDoc
DA:25,15
DA:57,62
DA:67,15
DA:92,14
LF:4
LH:4
BRF:0
BRH:0
end_of_record
TN:
SF:src\bootstrap-ai\canon.ts
FN:12,sharedNote
FN:17,detectedStack
FN:40,sharedCanonicalBlockBody
FN:88,agentBehaviorCoreDoc
FN:153,sharedBlock
FN:163,ruleRouterDoc
FN:177,ruleRouterLegacy
FN:211,(anonymous_7)
FN:275,ruleRouterCompact
FN:307,(anonymous_9)
FN:442,adapterNote
FN:487,regenerationDoc
FN:491,(anonymous_12)
FN:521,harnessUpdateDoc
FN:559,otherToolsDoc
FN:592,(anonymous_15)
FN:596,bootloaderPaths
FN:601,bootloaderPreamble
FNF:18
FNH:18
FNDA:144,sharedNote
FNDA:92,detectedStack
FNDA:557,sharedCanonicalBlockBody
FNDA:82,agentBehaviorCoreDoc
FNDA:144,sharedBlock
FNDA:92,ruleRouterDoc
FNDA:38,ruleRouterLegacy
FNDA:55,(anonymous_7)
FNDA:54,ruleRouterCompact
FNDA:75,(anonymous_9)
FNDA:140,adapterNote
FNDA:28,regenerationDoc
FNDA:45,(anonymous_12)
FNDA:28,harnessUpdateDoc
FNDA:28,otherToolsDoc
FNDA:473,(anonymous_15)
FNDA:109,bootloaderPaths
FNDA:240,bootloaderPreamble
DA:9,43
DA:13,144
DA:18,92
DA:21,92
DA:22,92
DA:23,92
DA:24,92
DA:25,92
DA:26,92
DA:27,92
DA:28,92
DA:29,92
DA:30,92
DA:41,557
DA:89,82
DA:154,144
DA:170,92
DA:171,92
DA:184,38
DA:188,38
DA:193,38
DA:194,10
DA:198,38
DA:211,55
DA:282,54
DA:283,54
DA:288,54
DA:289,0
DA:293,54
DA:307,75
DA:368,43
DA:443,140
DA:445,140
DA:451,140
DA:459,140
DA:488,28
DA:491,45
DA:522,28
DA:560,28
DA:591,43
DA:592,473
DA:597,109
DA:607,240
DA:609,240
DA:612,240
DA:615,20
DA:627,220
DA:628,148
DA:638,72
DA:639,16
DA:652,56
DA:653,20
DA:663,36
DA:664,16
DA:675,20
DA:676,10
DA:682,10
LF:57
LH:56
BRDA:19,0,0,3
BRDA:19,0,1,89
BRDA:21,1,0,0
BRDA:21,1,1,92
BRDA:22,2,0,0
BRDA:22,2,1,92
BRDA:23,3,0,0
BRDA:23,3,1,92
BRDA:25,4,0,1
BRDA:25,4,1,91
BRDA:26,5,0,0
BRDA:26,5,1,92
BRDA:27,6,0,1
BRDA:27,6,1,91
BRDA:28,7,0,1
BRDA:28,7,1,91
BRDA:29,8,0,2
BRDA:29,8,1,90
BRDA:168,9,0,92
BRDA:170,10,0,92
BRDA:170,10,1,0
BRDA:171,11,0,54
BRDA:171,11,1,38
BRDA:171,12,0,92
BRDA:171,12,1,10
BRDA:184,13,0,38
BRDA:184,13,1,35
BRDA:193,14,0,10
BRDA:193,14,1,28
BRDA:247,15,0,1
BRDA:247,15,1,37
BRDA:282,16,0,54
BRDA:282,16,1,54
BRDA:288,17,0,0
BRDA:288,17,1,54
BRDA:337,18,0,0
BRDA:337,18,1,54
BRDA:442,19,0,140
BRDA:445,20,0,87
BRDA:445,20,1,53
BRDA:451,21,0,87
BRDA:451,21,1,53
BRDA:605,22,0,240
BRDA:609,23,0,150
BRDA:609,23,1,90
BRDA:612,24,0,20
BRDA:612,24,1,220
BRDA:627,25,0,148
BRDA:627,25,1,72
BRDA:638,26,0,16
BRDA:638,26,1,56
BRDA:652,27,0,20
BRDA:652,27,1,36
BRDA:663,28,0,16
BRDA:663,28,1,20
BRDA:675,29,0,10
BRDA:675,29,1,10
BRF:57
BRH:50
end_of_record
TN:
SF:src\bootstrap-ai\index.ts
FN:39,repoNameOf
FN:49,bootloaderProbe
FN:50,(anonymous_2)
FN:95,presenceProbe
FN:96,(anonymous_4)
FN:98,(anonymous_5)
FN:120,routerProbe
FN:121,(anonymous_7)
FN:146,bootstrapAiPlan
FN:303,summaryText
FN:324,mergeBootloader
FNF:11
FNH:11
FNDA:82,repoNameOf
FNDA:120,bootloaderProbe
FNDA:6,(anonymous_2)
FNDA:140,presenceProbe
FNDA:6,(anonymous_4)
FNDA:6,(anonymous_5)
FNDA:82,routerProbe
FNDA:3,(anonymous_7)
FNDA:82,bootstrapAiPlan
FNDA:82,summaryText
FNDA:120,mergeBootloader
DA:40,82
DA:41,82
DA:50,120
DA:51,6
DA:52,6
DA:53,6
DA:54,3
DA:61,3
DA:62,3
DA:63,0
DA:70,3
DA:71,2
DA:78,1
DA:79,0
DA:86,1
DA:96,140
DA:97,6
DA:98,6
DA:99,6
DA:100,1
DA:102,5
DA:103,2
DA:110,3
DA:121,82
DA:122,3
DA:123,3
DA:124,3
DA:125,3
DA:132,0
DA:147,82
DA:148,82
DA:149,82
DA:150,82
DA:151,82
DA:152,82
DA:156,82
DA:159,82
DA:183,82
DA:184,140
DA:196,82
DA:197,28
DA:217,82
DA:218,82
DA:219,120
DA:220,120
DA:221,120
DA:231,82
DA:232,36
DA:244,82
DA:245,10
DA:252,10
DA:253,31
DA:254,31
DA:260,82
DA:261,120
DA:262,140
DA:269,82
DA:270,82
DA:271,82
DA:272,82
DA:273,1091
DA:274,749
DA:275,749
DA:276,749
DA:277,547
DA:279,82
DA:280,120
DA:285,82
DA:288,82
DA:289,1
DA:293,82
DA:300,82
DA:305,82
DA:309,82
DA:312,82
DA:332,120
DA:335,21
LF:77
LH:74
BRDA:41,0,0,82
BRDA:41,0,1,0
BRDA:53,1,0,3
BRDA:53,1,1,3
BRDA:62,2,0,0
BRDA:62,2,1,3
BRDA:70,3,0,2
BRDA:70,3,1,1
BRDA:78,4,0,0
BRDA:78,4,1,1
BRDA:99,5,0,1
BRDA:99,5,1,5
BRDA:102,6,0,2
BRDA:102,6,1,3
BRDA:124,7,0,3
BRDA:124,7,1,0
BRDA:196,8,0,28
BRDA:196,8,1,54
BRDA:231,9,0,36
BRDA:231,9,1,46
BRDA:244,10,0,10
BRDA:244,10,1,72
BRDA:273,11,0,342
BRDA:273,11,1,749
BRDA:276,12,0,202
BRDA:276,12,1,547
BRDA:276,13,0,749
BRDA:276,13,1,629
BRDA:277,14,0,480
BRDA:277,14,1,67
BRDA:288,15,0,1
BRDA:288,15,1,81
BRDA:305,16,0,54
BRDA:305,16,1,28
BRDA:309,17,0,54
BRDA:309,17,1,28
BRF:36
BRH:32
end_of_record
TN:
SF:src\bundle\index.ts
FN:41,sha256Hex
FN:45,posixPath
FN:49,bundleOut
FN:57,verifyBundleRoot
FN:65,bundlePath
FN:69,writeExternal
FN:73,defaultBundlePaths
FN:91,splitCsv
FN:95,(anonymous_8)
FN:96,(anonymous_9)
FN:99,candidatePaths
FN:100,(anonymous_11)
FN:116,expandDir
FN:125,(anonymous_13)
FN:126,(anonymous_14)
FN:127,(anonymous_15)
FN:131,(anonymous_16)
FN:132,(anonymous_17)
FN:135,readBundleFiles
FN:160,manifest
FN:163,(anonymous_20)
FN:171,sha256Sums
FN:172,(anonymous_22)
FN:180,signAction
FN:206,bundlePlan
FN:210,(anonymous_25)
FN:228,parseChecksum
FN:234,safeBundleFile
FN:242,verifyBundleChecksums
FN:279,verifyBundleSignature
FN:330,verifyPlan
FN:334,(anonymous_31)
FN:335,(anonymous_32)
FNF:33
FNH:32
FNDA:663,sha256Hex
FNDA:235,posixPath
FNDA:8,bundleOut
FNDA:3,verifyBundleRoot
FNDA:91,bundlePath
FNDA:8,writeExternal
FNDA:8,defaultBundlePaths
FNDA:8,splitCsv
FNDA:2,(anonymous_8)
FNDA:2,(anonymous_9)
FNDA:8,candidatePaths
FNDA:264,(anonymous_11)
FNDA:98,expandDir
FNDA:6,(anonymous_13)
FNDA:5,(anonymous_14)
FNDA:5,(anonymous_15)
FNDA:1,(anonymous_16)
FNDA:4,(anonymous_17)
FNDA:8,readBundleFiles
FNDA:8,manifest
FNDA:35,(anonymous_20)
FNDA:8,sha256Sums
FNDA:35,(anonymous_22)
FNDA:20,signAction
FNDA:8,bundlePlan
FNDA:35,(anonymous_25)
FNDA:16,parseChecksum
FNDA:16,safeBundleFile
FNDA:6,verifyBundleChecksums
FNDA:1,verifyBundleSignature
FNDA:3,verifyPlan
FNDA:0,(anonymous_31)
FNDA:1,(anonymous_32)
DA:20,27
DA:21,27
DA:22,27
DA:23,27
DA:42,663
DA:46,235
DA:51,8
DA:54,8
DA:59,3
DA:62,3
DA:66,91
DA:70,8
DA:74,8
DA:92,8
DA:93,2
DA:95,2
DA:96,2
DA:100,8
DA:101,264
DA:118,98
DA:119,98
DA:120,3
DA:122,63
DA:124,3
DA:125,6
DA:126,5
DA:129,5
DA:131,1
DA:132,4
DA:136,8
DA:137,8
DA:138,8
DA:139,98
DA:140,98
DA:141,99
DA:142,98
DA:146,98
DA:147,98
DA:148,35
DA:149,35
DA:157,8
DA:161,8
DA:163,35
DA:172,35
DA:185,20
DA:186,20
DA:187,20
DA:188,2
DA:194,18
DA:195,1
DA:203,17
DA:207,8
DA:208,8
DA:209,8
DA:210,35
DA:215,8
DA:223,8
DA:224,8
DA:225,8
DA:229,16
DA:230,16
DA:231,16
DA:235,16
DA:236,16
DA:237,16
DA:238,16
DA:239,16
DA:243,6
DA:244,6
DA:245,0
DA:251,6
DA:252,6
DA:253,22
DA:254,16
DA:255,16
DA:256,0
DA:257,0
DA:259,16
DA:260,16
DA:261,0
DA:262,0
DA:264,16
DA:265,16
DA:266,0
DA:267,0
DA:269,16
DA:270,16
DA:271,16
DA:273,6
DA:274,2
DA:276,4
DA:280,1
DA:281,1
DA:282,1
DA:283,1
DA:284,0
DA:290,1
DA:291,1
DA:292,0
DA:294,1
DA:295,1
DA:301,0
DA:308,0
DA:309,0
DA:310,0
DA:312,0
DA:313,0
DA:314,0
DA:316,0
DA:317,0
DA:323,0
DA:331,3
DA:332,3
DA:334,0
DA:335,1
DA:339,27
DA:360,27
LF:117
LH:97
BRDA:51,0,0,3
BRDA:51,0,1,5
BRDA:51,1,0,8
BRDA:51,1,1,3
BRDA:59,2,0,2
BRDA:59,2,1,1
BRDA:59,3,0,3
BRDA:59,3,1,2
BRDA:62,4,0,1
BRDA:62,4,1,2
BRDA:92,5,0,6
BRDA:92,5,1,2
BRDA:119,6,0,32
BRDA:119,6,1,66
BRDA:129,7,0,5
BRDA:129,7,1,5
BRDA:129,7,2,5
BRDA:129,7,3,5
BRDA:139,8,0,0
BRDA:139,8,1,98
BRDA:139,9,0,98
BRDA:139,9,1,98
BRDA:141,10,0,1
BRDA:141,10,1,98
BRDA:147,11,0,63
BRDA:147,11,1,35
BRDA:183,12,0,20
BRDA:187,13,0,2
BRDA:187,13,1,18
BRDA:194,14,0,1
BRDA:194,14,1,17
BRDA:224,15,0,1
BRDA:224,15,1,7
BRDA:230,16,0,0
BRDA:230,16,1,16
BRDA:230,17,0,16
BRDA:230,17,1,16
BRDA:235,18,0,0
BRDA:235,18,1,16
BRDA:235,19,0,16
BRDA:235,19,1,16
BRDA:238,20,0,0
BRDA:238,20,1,16
BRDA:238,21,0,16
BRDA:238,21,1,16
BRDA:244,22,0,0
BRDA:244,22,1,6
BRDA:253,23,0,6
BRDA:253,23,1,16
BRDA:255,24,0,0
BRDA:255,24,1,16
BRDA:260,25,0,0
BRDA:260,25,1,16
BRDA:265,26,0,0
BRDA:265,26,1,16
BRDA:270,27,0,2
BRDA:270,27,1,14
BRDA:273,28,0,2
BRDA:273,28,1,4
BRDA:281,29,0,1
BRDA:281,29,1,0
BRDA:282,30,0,1
BRDA:282,30,1,0
BRDA:283,31,0,0
BRDA:283,31,1,1
BRDA:291,32,0,0
BRDA:291,32,1,1
BRDA:294,33,0,1
BRDA:294,33,1,0
BRDA:304,34,0,0
BRDA:304,34,1,0
BRDA:309,35,0,0
BRDA:309,35,1,0
BRDA:313,36,0,0
BRDA:313,36,1,0
BRDA:316,37,0,0
BRDA:316,37,1,0
BRDA:326,38,0,0
BRDA:326,38,1,0
BRF:79
BRH:56
end_of_record
TN:
SF:src\certs\index.ts
FN:41,planCerts
FN:58,(anonymous_1)
FN:153,(anonymous_2)
FN:158,trustEnvVars
FN:173,resolveOutDir
FN:189,pipConfigWrite
FN:206,pipConfig
FN:214,cargoConfig
FN:226,gitConfig
FN:233,upsertProperty
FN:238,(anonymous_10)
FN:250,gradleProperties
FN:260,mavenRc
FN:274,condarcConfig
FN:279,(anonymous_14)
FN:291,caPatternHint
FN:302,pypiProbe
FN:318,firstLine
FN:322,(anonymous_18)
FNF:19
FNH:17
FNDA:43,planCerts
FNDA:36,(anonymous_1)
FNDA:3,(anonymous_2)
FNDA:35,trustEnvVars
FNDA:35,resolveOutDir
FNDA:35,pipConfigWrite
FNDA:37,pipConfig
FNDA:37,cargoConfig
FNDA:38,gitConfig
FNDA:76,upsertProperty
FNDA:41,(anonymous_10)
FNDA:38,gradleProperties
FNDA:38,mavenRc
FNDA:38,condarcConfig
FNDA:6,(anonymous_14)
FNDA:8,caPatternHint
FNDA:3,pypiProbe
FNDA:0,firstLine
FNDA:0,(anonymous_18)
DA:20,16
DA:21,16
DA:22,16
DA:26,16
DA:27,16
DA:42,43
DA:43,43
DA:45,43
DA:46,43
DA:47,8
DA:53,35
DA:54,43
DA:55,43
DA:56,43
DA:58,43
DA:60,43
DA:61,43
DA:66,43
DA:153,3
DA:159,35
DA:160,35
DA:174,35
DA:175,35
DA:176,35
DA:177,35
DA:179,0
DA:180,0
DA:190,35
DA:191,35
DA:194,35
DA:195,35
DA:207,37
DA:208,37
DA:209,37
DA:210,36
DA:215,37
DA:219,37
DA:227,38
DA:234,76
DA:235,76
DA:236,76
DA:237,76
DA:238,76
DA:239,41
DA:240,2
DA:241,2
DA:243,39
DA:245,76
DA:246,76
DA:251,38
DA:252,38
DA:261,38
DA:262,38
DA:275,38
DA:276,38
DA:277,38
DA:278,38
DA:279,38
DA:280,6
DA:281,2
DA:282,2
DA:284,4
DA:286,38
DA:287,38
DA:292,8
DA:303,3
DA:304,3
DA:305,1
DA:307,2
DA:308,2
DA:314,0
DA:315,3
DA:319,0
DA:322,0
DA:327,16
LF:75
LH:70
BRDA:42,0,0,43
BRDA:42,0,1,41
BRDA:46,1,0,8
BRDA:46,1,1,35
BRDA:53,2,0,35
BRDA:53,2,1,22
BRDA:53,2,2,0
BRDA:60,3,0,43
BRDA:60,3,1,0
BRDA:103,4,0,43
BRDA:103,4,1,35
BRDA:110,5,0,43
BRDA:110,5,1,35
BRDA:116,6,0,43
BRDA:116,6,1,35
BRDA:128,7,0,43
BRDA:128,7,1,35
BRDA:137,8,0,43
BRDA:137,8,1,35
BRDA:143,9,0,43
BRDA:143,9,1,35
BRDA:174,10,0,1
BRDA:174,10,1,34
BRDA:174,11,0,35
BRDA:174,11,1,1
BRDA:175,12,0,0
BRDA:175,12,1,35
BRDA:176,13,0,35
BRDA:176,13,1,0
BRDA:176,14,0,35
BRDA:176,14,1,0
BRDA:179,15,0,0
BRDA:179,15,1,0
BRDA:191,16,0,3
BRDA:191,16,1,32
BRDA:192,17,0,3
BRDA:192,17,1,0
BRDA:194,18,0,35
BRDA:194,18,1,35
BRDA:209,19,0,1
BRDA:209,19,1,36
BRDA:236,20,0,39
BRDA:236,20,1,37
BRDA:239,21,0,2
BRDA:239,21,1,39
BRDA:245,22,0,74
BRDA:245,22,1,2
BRDA:277,23,0,3
BRDA:277,23,1,35
BRDA:280,24,0,2
BRDA:280,24,1,4
BRDA:286,25,0,36
BRDA:286,25,1,2
BRDA:292,26,0,2
BRDA:292,26,1,6
BRDA:304,27,0,1
BRDA:304,27,1,2
BRDA:307,28,0,2
BRDA:307,28,1,0
BRDA:314,29,0,0
BRDA:314,29,1,0
BRDA:320,30,0,0
BRDA:320,30,1,0
BRF:63
BRH:50
end_of_record
TN:
SF:src\certs\ini.ts
FN:32,upsertIniKey
FN:53,upsertFlat
FN:55,(anonymous_2)
FN:64,upsertSectioned
FN:67,(anonymous_4)
FN:95,keyMatches
FN:100,splitKeepEmpty
FN:105,joinTrim
FN:109,appendLine
FNF:9
FNH:9
FNDA:187,upsertIniKey
FNDA:37,upsertFlat
FNDA:3,(anonymous_2)
FNDA:150,upsertSectioned
FNDA:79,(anonymous_4)
FNDA:9,keyMatches
FNDA:187,splitKeepEmpty
FNDA:6,joinTrim
FNDA:181,appendLine
DA:38,187
DA:39,187
DA:40,187
DA:42,187
DA:43,187
DA:45,187
DA:48,187
DA:49,187
DA:54,37
DA:55,37
DA:56,37
DA:57,1
DA:58,1
DA:60,36
DA:65,150
DA:66,150
DA:67,150
DA:69,150
DA:71,145
DA:72,145
DA:76,5
DA:77,5
DA:78,10
DA:79,2
DA:80,2
DA:83,5
DA:84,6
DA:85,4
DA:86,4
DA:90,1
DA:91,1
DA:96,9
DA:97,9
DA:101,187
DA:102,43
DA:106,6
DA:110,181
DA:111,181
LF:38
LH:38
BRDA:36,0,0,187
BRDA:38,1,0,187
BRDA:38,1,1,37
BRDA:39,2,0,187
BRDA:39,2,1,75
BRDA:45,3,0,37
BRDA:45,3,1,150
BRDA:48,4,0,187
BRDA:48,4,1,0
BRDA:48,5,0,187
BRDA:48,5,1,0
BRDA:49,6,0,0
BRDA:49,6,1,187
BRDA:56,7,0,1
BRDA:56,7,1,36
BRDA:69,8,0,145
BRDA:69,8,1,5
BRDA:78,9,0,2
BRDA:78,9,1,8
BRDA:78,10,0,10
BRDA:78,10,1,0
BRDA:84,11,0,4
BRDA:84,11,1,2
BRDA:84,12,0,6
BRDA:84,12,1,0
BRDA:101,13,0,144
BRDA:101,13,1,43
BRDA:111,14,0,37
BRDA:111,14,1,144
BRF:29
BRH:24
end_of_record
TN:
SF:src\certs\templates.ts
FN:13,noCertDoc
FN:31,homebrewDoc
FNF:2
FNH:2
FNDA:8,noCertDoc
FNDA:35,homebrewDoc
DA:14,8
DA:32,35
LF:2
LH:2
BRF:0
BRH:0
end_of_record
TN:
SF:src\commands\index.ts
FN:129,builtinCommandNames
FN:133,(anonymous_1)
FN:134,(anonymous_2)
FN:146,addSharedFlags
FN:181,invokedDeprecatedAlias
FN:196,warnIfDeprecatedAlias
FN:212,registerSpec
FN:239,(anonymous_7)
FN:254,(anonymous_8)
FN:268,(anonymous_9)
FN:282,(anonymous_10)
FN:306,registerCommands
FN:333,(anonymous_12)
FN:346,(anonymous_13)
FN:359,(anonymous_14)
FN:375,(anonymous_15)
FN:392,(anonymous_16)
FN:413,(anonymous_17)
FN:424,(anonymous_18)
FN:434,(anonymous_19)
FN:441,(anonymous_20)
FN:469,(anonymous_21)
FN:479,(anonymous_22)
FN:502,(anonymous_23)
FN:520,(anonymous_24)
FN:538,(anonymous_25)
FNF:26
FNH:9
FNDA:3,builtinCommandNames
FNDA:61,(anonymous_1)
FNDA:61,(anonymous_2)
FNDA:926,addSharedFlags
FNDA:5,invokedDeprecatedAlias
FNDA:5,warnIfDeprecatedAlias
FNDA:517,registerSpec
FNDA:5,(anonymous_7)
FNDA:0,(anonymous_8)
FNDA:0,(anonymous_9)
FNDA:0,(anonymous_10)
FNDA:17,registerCommands
FNDA:0,(anonymous_12)
FNDA:0,(anonymous_13)
FNDA:0,(anonymous_14)
FNDA:0,(anonymous_15)
FNDA:0,(anonymous_16)
FNDA:0,(anonymous_17)
FNDA:0,(anonymous_18)
FNDA:0,(anonymous_19)
FNDA:0,(anonymous_20)
FNDA:0,(anonymous_21)
FNDA:0,(anonymous_22)
FNDA:0,(anonymous_23)
FNDA:0,(anonymous_24)
FNDA:0,(anonymous_25)
DA:72,14
DA:103,14
DA:105,14
DA:108,14
DA:115,14
DA:132,3
DA:133,61
DA:134,61
DA:147,926
DA:182,5
DA:183,5
DA:184,2
DA:185,5
DA:197,5
DA:198,5
DA:199,1
DA:215,517
DA:216,517
DA:224,517
DA:226,517
DA:227,517
DA:229,51
DA:234,517
DA:235,972
DA:236,632
DA:238,516
DA:240,5
DA:241,5
DA:244,516
DA:245,17
DA:249,17
DA:250,17
DA:251,85
DA:252,85
DA:254,17
DA:255,0
DA:258,17
DA:262,17
DA:263,17
DA:264,34
DA:265,34
DA:267,17
DA:269,0
DA:273,17
DA:277,17
DA:278,17
DA:279,0
DA:280,0
DA:282,17
DA:283,0
DA:289,516
DA:311,510
DA:312,17
DA:313,7
DA:314,7
DA:316,1
DA:317,1
DA:323,17
DA:324,17
DA:328,17
DA:329,17
DA:330,17
DA:331,17
DA:333,17
DA:334,0
DA:340,17
DA:341,17
DA:342,17
DA:343,0
DA:344,0
DA:346,17
DA:347,0
DA:350,17
DA:354,17
DA:355,17
DA:356,17
DA:357,17
DA:359,17
DA:360,0
DA:366,17
DA:370,17
DA:371,17
DA:372,102
DA:373,102
DA:375,17
DA:376,0
DA:382,17
DA:386,17
DA:387,17
DA:388,17
DA:389,17
DA:391,17
DA:393,0
DA:400,17
DA:403,17
DA:404,51
DA:408,51
DA:409,51
DA:410,238
DA:411,238
DA:413,51
DA:414,0
DA:422,17
DA:423,17
DA:424,17
DA:425,0
DA:431,17
DA:432,17
DA:433,34
DA:434,17
DA:435,0
DA:438,17
DA:439,17
DA:440,17
DA:441,17
DA:442,0
DA:451,17
DA:454,17
DA:463,119
DA:464,119
DA:465,119
DA:466,204
DA:467,204
DA:469,119
DA:470,0
DA:476,17
DA:477,17
DA:478,51
DA:479,17
DA:480,0
DA:486,17
DA:491,17
DA:496,51
DA:497,51
DA:498,51
DA:499,238
DA:500,187
DA:502,51
DA:503,0
DA:510,17
DA:513,17
DA:514,17
DA:515,17
DA:516,17
DA:517,17
DA:518,17
DA:520,17
DA:521,0
DA:528,17
DA:531,17
DA:532,17
DA:533,17
DA:534,17
DA:535,34
DA:536,17
DA:538,17
DA:539,0
LF:157
LH:136
BRDA:130,0,0,3
BRDA:134,1,0,61
BRDA:134,1,1,60
BRDA:183,2,0,3
BRDA:183,2,1,2
BRDA:183,3,0,5
BRDA:183,3,1,2
BRDA:185,4,0,1
BRDA:185,4,1,1
BRDA:185,5,0,5
BRDA:185,5,1,2
BRDA:185,5,2,1
BRDA:198,6,0,4
BRDA:198,6,1,1
BRDA:224,7,0,517
BRDA:224,7,1,513
BRDA:227,8,0,466
BRDA:227,8,1,51
BRDA:234,9,0,517
BRDA:234,9,1,39
BRDA:235,10,0,340
BRDA:235,10,1,632
BRDA:244,11,0,17
BRDA:244,11,1,499
BRDA:250,12,0,17
BRDA:250,12,1,0
BRDA:251,13,0,0
BRDA:251,13,1,85
BRDA:263,14,0,17
BRDA:263,14,1,0
BRDA:264,15,0,0
BRDA:264,15,1,34
BRDA:278,16,0,17
BRDA:278,16,1,17
BRDA:279,17,0,0
BRDA:279,17,1,0
BRDA:308,18,0,17
BRDA:316,19,0,1
BRDA:316,19,1,0
BRDA:329,20,0,17
BRDA:329,20,1,0
BRDA:330,21,0,0
BRDA:330,21,1,17
BRDA:342,22,0,17
BRDA:342,22,1,17
BRDA:343,23,0,0
BRDA:343,23,1,0
BRDA:355,24,0,17
BRDA:355,24,1,0
BRDA:356,25,0,0
BRDA:356,25,1,17
BRDA:371,26,0,17
BRDA:371,26,1,0
BRDA:372,27,0,0
BRDA:372,27,1,102
BRDA:387,28,0,17
BRDA:387,28,1,0
BRDA:388,29,0,0
BRDA:388,29,1,17
BRDA:409,30,0,51
BRDA:409,30,1,0
BRDA:410,31,0,0
BRDA:410,31,1,238
BRDA:433,32,0,17
BRDA:433,32,1,0
BRDA:440,33,0,17
BRDA:440,33,1,0
BRDA:465,34,0,119
BRDA:465,34,1,0
BRDA:466,35,0,0
BRDA:466,35,1,204
BRDA:478,36,0,17
BRDA:478,36,1,0
BRDA:498,37,0,51
BRDA:498,37,1,0
BRDA:499,38,0,51
BRDA:499,38,1,187
BRDA:516,39,0,17
BRDA:516,39,1,0
BRDA:517,40,0,0
BRDA:517,40,1,17
BRDA:534,41,0,17
BRDA:534,41,1,0
BRDA:535,42,0,17
BRDA:535,42,1,17
BRF:85
BRH:57
end_of_record
TN:
SF:src\commands\run.ts
FN:44,(anonymous_0)
FN:44,(anonymous_1)
FN:50,readSetupText
FN:59,positiveInt
FN:65,flagKey
FN:66,(anonymous_5)
FN:78,(anonymous_6)
FN:81,extractOptions
FN:95,runCapability
FN:101,(anonymous_9)
FN:114,(anonymous_10)
FN:116,(anonymous_11)
FN:119,(anonymous_12)
FN:131,(anonymous_13)
FN:224,(anonymous_14)
FNF:15
FNH:13
FNDA:0,(anonymous_0)
FNDA:0,(anonymous_1)
FNDA:21,readSetupText
FNDA:45,positiveInt
FNDA:13,flagKey
FNDA:13,(anonymous_5)
FNDA:1,(anonymous_6)
FNDA:45,extractOptions
FNDA:45,runCapability
FNDA:5,(anonymous_9)
FNDA:70,(anonymous_10)
FNDA:35,(anonymous_11)
FNDA:9,(anonymous_12)
FNDA:45,(anonymous_13)
FNDA:2,(anonymous_14)
DA:44,14
DA:47,14
DA:51,21
DA:52,61
DA:53,61
DA:55,20
DA:60,45
DA:61,45
DA:66,13
DA:67,13
DA:71,13
DA:72,13
DA:73,13
DA:77,13
DA:78,13
DA:82,45
DA:83,45
DA:84,13
DA:85,13
DA:87,45
DA:100,45
DA:101,45
DA:102,45
DA:103,45
DA:105,45
DA:109,45
DA:114,70
DA:115,45
DA:116,45
DA:119,45
DA:126,45
DA:130,45
DA:131,45
DA:132,45
DA:136,45
DA:137,45
DA:145,45
DA:146,45
DA:147,45
DA:148,45
DA:149,45
DA:150,45
DA:157,45
DA:165,45
DA:166,45
DA:172,45
DA:177,45
DA:181,45
DA:183,45
DA:184,45
DA:216,45
DA:217,42
DA:224,42
DA:225,42
DA:226,45
DA:233,45
DA:258,45
DA:259,45
DA:260,1
DA:261,1
DA:262,1
DA:263,1
DA:264,1
DA:271,42
DA:272,45
DA:273,40
DA:274,12
DA:277,12
DA:279,28
DA:280,28
DA:286,42
DA:303,45
DA:304,0
DA:305,0
DA:308,0
DA:309,0
DA:310,0
DA:311,0
DA:315,0
DA:326,42
DA:327,42
DA:328,5
DA:329,5
DA:330,2
DA:332,3
DA:333,3
DA:334,2
DA:341,42
DA:343,3
DA:344,3
DA:346,3
DA:363,3
DA:364,1
DA:366,2
DA:368,3
LF:95
LH:88
BRDA:53,0,0,1
BRDA:53,0,1,60
BRDA:61,1,0,0
BRDA:61,1,1,45
BRDA:61,2,0,45
BRDA:61,2,1,0
BRDA:67,3,0,13
BRDA:67,3,1,0
BRDA:74,4,0,13
BRDA:74,4,1,0
BRDA:75,5,0,13
BRDA:75,5,1,0
BRDA:83,6,0,45
BRDA:83,6,1,29
BRDA:85,7,0,8
BRDA:85,7,1,5
BRDA:98,8,0,45
BRDA:100,9,0,45
BRDA:100,9,1,5
BRDA:101,10,0,45
BRDA:101,10,1,5
BRDA:102,11,0,45
BRDA:102,11,1,5
BRDA:105,12,0,45
BRDA:105,12,1,0
BRDA:109,13,0,0
BRDA:109,13,1,45
BRDA:109,14,0,45
BRDA:109,14,1,45
BRDA:114,15,0,45
BRDA:114,15,1,70
BRDA:116,16,0,45
BRDA:116,16,1,35
BRDA:119,17,0,45
BRDA:119,17,1,40
BRDA:127,18,0,45
BRDA:127,18,1,44
BRDA:127,18,2,1
BRDA:127,18,3,1
BRDA:132,19,0,7
BRDA:132,19,1,38
BRDA:147,20,0,1
BRDA:147,20,1,44
BRDA:148,21,0,44
BRDA:148,21,1,1
BRDA:149,22,0,3
BRDA:149,22,1,42
BRDA:161,23,0,45
BRDA:161,23,1,44
BRDA:172,24,0,45
BRDA:172,24,1,45
BRDA:172,24,2,0
BRDA:172,24,3,0
BRDA:177,25,0,45
BRDA:177,25,1,45
BRDA:177,26,0,0
BRDA:177,26,1,45
BRDA:177,27,0,45
BRDA:177,27,1,0
BRDA:183,28,0,45
BRDA:183,28,1,45
BRDA:183,28,2,45
BRDA:190,29,0,4
BRDA:190,29,1,41
BRDA:190,30,0,41
BRDA:190,30,1,40
BRDA:196,31,0,19
BRDA:196,31,1,26
BRDA:196,32,0,45
BRDA:196,32,1,41
BRDA:196,32,2,27
BRDA:206,33,0,45
BRDA:206,33,1,45
BRDA:212,34,0,0
BRDA:212,34,1,45
BRDA:224,35,0,2
BRDA:224,35,1,1
BRDA:225,36,0,21
BRDA:225,36,1,21
BRDA:226,37,0,45
BRDA:226,37,1,27
BRDA:226,38,0,1
BRDA:226,38,1,26
BRDA:233,39,0,21
BRDA:233,39,1,21
BRDA:233,40,0,45
BRDA:233,40,1,21
BRDA:237,41,0,21
BRDA:237,41,1,0
BRDA:242,42,0,21
BRDA:242,42,1,0
BRDA:243,43,0,0
BRDA:243,43,1,21
BRDA:246,44,0,21
BRDA:246,44,1,21
BRDA:246,45,0,21
BRDA:246,45,1,18
BRDA:259,46,0,1
BRDA:259,46,1,44
BRDA:259,47,0,45
BRDA:259,47,1,21
BRDA:259,47,2,1
BRDA:271,48,0,42
BRDA:271,48,1,2
BRDA:272,49,0,40
BRDA:272,49,1,5
BRDA:273,50,0,12
BRDA:273,50,1,28
BRDA:274,51,0,6
BRDA:274,51,1,6
BRDA:280,52,0,13
BRDA:280,52,1,15
BRDA:298,53,0,21
BRDA:298,53,1,21
BRDA:303,54,0,0
BRDA:303,54,1,45
BRDA:303,55,0,45
BRDA:303,55,1,0
BRDA:315,56,0,0
BRDA:315,56,1,0
BRDA:327,57,0,5
BRDA:327,57,1,37
BRDA:327,58,0,42
BRDA:327,58,1,5
BRDA:327,58,2,5
BRDA:329,59,0,2
BRDA:329,59,1,3
BRDA:333,60,0,2
BRDA:333,60,1,1
BRDA:335,61,0,0
BRDA:335,61,1,2
BRDA:343,62,0,3
BRDA:343,62,1,0
BRDA:344,63,0,3
BRDA:344,63,1,0
BRDA:363,64,0,1
BRDA:363,64,1,2
BRF:137
BRH:115
end_of_record
TN:
SF:src\commands\stub.ts
FN:9,pendingPlan
FN:10,(anonymous_1)
FNF:2
FNH:2
FNDA:1,pendingPlan
FNDA:1,(anonymous_1)
DA:10,1
LF:1
LH:1
BRF:0
BRH:0
end_of_record
TN:
SF:src\config\governance.ts
FN:10,postureGradeCheck
FNF:1
FNH:1
FNDA:72,postureGradeCheck
DA:15,72
DA:16,72
DA:17,72
DA:18,24
LF:4
LH:4
BRDA:15,0,0,0
BRDA:15,0,1,72
BRDA:17,1,0,48
BRDA:17,1,1,24
BRDA:22,2,0,24
BRDA:22,2,1,0
BRF:6
BRH:4
end_of_record
TN:
SF:src\config\marker.ts
FN:46,readAihConfig
FN:62,aihConfigJson
FNF:2
FNH:2
FNDA:1029,readAihConfig
FNDA:84,aihConfigJson
DA:17,76
DA:24,76
DA:47,1029
DA:48,1029
DA:49,107
DA:50,107
DA:52,3
DA:63,84
LF:8
LH:8
BRDA:48,0,0,922
BRDA:48,0,1,107
BRF:2
BRH:2
end_of_record
TN:
SF:src\config\posture.ts
FN:45,asPosture
FN:51,postureFromContext
FN:55,stronger
FN:64,readOrgPolicyFloor
FN:77,resolvePosture
FN:105,gradeVerdict
FNF:6
FNH:6
FNDA:293,asPosture
FNDA:353,postureFromContext
FNDA:6,stronger
FNDA:78,readOrgPolicyFloor
FNDA:78,resolvePosture
FNDA:214,gradeVerdict
DA:42,57
DA:46,293
DA:47,283
DA:48,278
DA:52,353
DA:56,6
DA:68,78
DA:69,78
DA:70,6
DA:78,78
DA:80,78
DA:81,8
DA:82,70
DA:83,2
DA:84,68
DA:85,2
DA:87,66
DA:90,78
DA:91,78
DA:92,6
DA:93,6
DA:94,4
DA:97,72
DA:110,214
DA:111,213
DA:112,210
DA:113,166
DA:114,73
DA:115,34
DA:121,39
LF:30
LH:30
BRDA:46,0,0,10
BRDA:46,0,1,283
BRDA:47,1,0,5
BRDA:47,1,1,278
BRDA:52,2,0,353
BRDA:52,2,1,79
BRDA:56,3,0,3
BRDA:56,3,1,3
BRDA:69,4,0,70
BRDA:69,4,1,8
BRDA:78,5,0,78
BRDA:78,5,1,70
BRDA:80,6,0,8
BRDA:80,6,1,70
BRDA:82,7,0,2
BRDA:82,7,1,68
BRDA:84,8,0,2
BRDA:84,8,1,66
BRDA:91,9,0,6
BRDA:91,9,1,72
BRDA:93,10,0,4
BRDA:93,10,1,2
BRDA:110,11,0,1
BRDA:110,11,1,213
BRDA:111,12,0,3
BRDA:111,12,1,210
BRDA:112,13,0,44
BRDA:112,13,1,166
BRDA:113,14,0,93
BRDA:113,14,1,73
BRDA:114,15,0,34
BRDA:114,15,1,39
BRDA:115,16,0,26
BRDA:115,16,1,8
BRDA:115,17,0,34
BRDA:115,17,1,23
BRDA:115,17,2,12
BRF:37
BRH:37
end_of_record
TN:
SF:src\config\settings.ts
FN:15,envBool
FN:33,(anonymous_1)
FN:34,(anonymous_2)
FN:41,loadSettings
FN:58,(anonymous_4)
FNF:5
FNH:5
FNDA:129,envBool
FNDA:180,(anonymous_1)
FNDA:180,(anonymous_2)
FNDA:75,loadSettings
FNDA:1,(anonymous_4)
DA:16,129
DA:17,2
DA:18,2
DA:19,1
DA:20,1
DA:29,77
DA:33,180
DA:34,180
DA:42,75
DA:43,75
DA:44,75
DA:45,75
DA:46,75
DA:49,75
DA:50,75
DA:51,75
DA:52,0
DA:54,73
DA:56,2
DA:57,1
DA:58,1
DA:60,0
LF:22
LH:20
BRDA:16,0,0,127
BRDA:16,0,1,2
BRDA:18,1,0,1
BRDA:18,1,1,1
BRDA:19,2,0,0
BRDA:19,2,1,1
BRDA:41,3,0,75
BRDA:43,4,0,75
BRDA:43,4,1,50
BRDA:44,5,0,75
BRDA:44,5,1,41
BRDA:45,6,0,75
BRDA:45,6,1,38
BRDA:46,7,0,75
BRDA:46,7,1,42
BRDA:46,7,2,40
BRDA:49,8,0,75
BRDA:49,8,1,4
BRDA:49,8,2,3
BRDA:50,9,0,75
BRDA:50,9,1,72
BRDA:50,9,2,71
BRDA:51,10,0,0
BRDA:51,10,1,75
BRDA:56,11,0,1
BRDA:56,11,1,1
BRDA:57,12,0,1
BRDA:57,12,1,0
BRF:28
BRH:25
end_of_record
TN:
SF:src\contract\check.ts
FN:26,contractTruthCheck
FNF:1
FNH:1
FNDA:43,contractTruthCheck
DA:27,43
DA:28,43
DA:30,43
DA:31,43
DA:32,43
DA:33,33
DA:35,10
DA:36,10
DA:37,2
DA:48,8
DA:49,8
DA:50,1
DA:56,7
DA:57,7
DA:58,4
DA:71,3
LF:16
LH:16
BRDA:28,0,0,43
BRDA:28,0,1,32
BRDA:30,1,0,43
BRDA:30,1,1,43
BRDA:32,2,0,33
BRDA:32,2,1,10
BRDA:36,3,0,2
BRDA:36,3,1,8
BRDA:49,4,0,1
BRDA:49,4,1,7
BRDA:49,5,0,8
BRDA:49,5,1,8
BRDA:57,6,0,4
BRDA:57,6,1,3
BRF:14
BRH:14
end_of_record
TN:
SF:src\contract\index.ts
FN:24,portablePathsCheck
FN:53,contractPlan
FN:79,(anonymous_2)
FNF:3
FNH:3
FNDA:10,portablePathsCheck
FNDA:49,contractPlan
FNDA:1,(anonymous_2)
DA:25,10
DA:26,10
DA:27,10
DA:28,1
DA:34,9
DA:54,49
DA:55,49
DA:56,49
DA:57,49
DA:58,49
DA:79,1
DA:83,16
LF:12
LH:12
BRDA:27,0,0,1
BRDA:27,0,1,9
BRDA:55,1,0,49
BRDA:55,1,1,46
BRF:4
BRH:4
end_of_record
TN:
SF:src\contract\schema.ts
FN:114,readProjectContract
FN:130,projectContractJson
FNF:2
FNH:2
FNDA:169,readProjectContract
FNDA:49,projectContractJson
DA:20,31
DA:22,31
DA:24,31
DA:34,31
DA:38,31
DA:39,31
DA:51,31
DA:62,31
DA:65,31
DA:115,169
DA:116,169
DA:117,16
DA:118,16
DA:120,0
DA:131,49
LF:15
LH:14
BRDA:116,0,0,153
BRDA:116,0,1,16
BRF:2
BRH:2
end_of_record
TN:
SF:src\contract\staleness.ts
FN:29,factsSubset
FN:46,fieldFromDiff
FN:51,uniqueSorted
FN:52,(anonymous_3)
FN:55,contractStaleFields
FN:67,contractFreshness
FN:83,contractStaleDetail
FNF:7
FNH:7
FNDA:20,factsSubset
FNDA:41,fieldFromDiff
FNDA:6,uniqueSorted
FNDA:67,(anonymous_3)
FNDA:10,contractStaleFields
FNDA:10,contractFreshness
FNDA:6,contractStaleDetail
DA:30,20
DA:31,20
DA:47,41
DA:48,41
DA:52,67
DA:56,10
DA:57,10
DA:58,10
DA:60,6
DA:64,6
DA:72,10
DA:73,10
DA:74,0
DA:77,10
DA:78,10
DA:79,10
DA:80,10
DA:84,6
DA:85,6
DA:86,6
LF:20
LH:19
BRDA:40,0,0,1
BRDA:40,0,1,19
BRDA:42,1,0,0
BRDA:42,1,1,20
BRDA:48,2,0,41
BRDA:48,2,1,0
BRDA:58,3,0,4
BRDA:58,3,1,6
BRDA:73,4,0,0
BRDA:73,4,1,10
BRDA:73,5,0,10
BRDA:73,5,1,10
BRDA:80,6,0,6
BRDA:80,6,1,4
BRDA:85,7,0,0
BRDA:85,7,1,6
BRF:16
BRH:12
end_of_record
TN:
SF:src\contract\synth.ts
FN:27,toCommand
FN:36,toDeclaredCommand
FN:49,toBuildCommand
FN:56,toInferredCommand
FN:60,contractCommands
FN:78,contractWorkspaces
FN:79,(anonymous_6)
FN:93,scaleClass
FN:108,plural
FN:119,deriveKnownGaps
FN:207,synthesizeContract
FN:219,(anonymous_11)
FN:263,isPortableRel
FN:278,unportablePaths
FN:285,(anonymous_14)
FNF:15
FNH:15
FNDA:224,toCommand
FNDA:112,toDeclaredCommand
FNDA:112,toBuildCommand
FNDA:336,toInferredCommand
FNDA:112,contractCommands
FNDA:98,contractWorkspaces
FNDA:10,(anonymous_6)
FNDA:98,scaleClass
FNDA:2,plural
FNDA:98,deriveKnownGaps
FNDA:98,synthesizeContract
FNDA:47,(anonymous_11)
FNDA:90,isPortableRel
FNDA:33,unportablePaths
FNDA:90,(anonymous_14)
DA:12,31
DA:28,224
DA:29,106
DA:40,112
DA:50,112
DA:51,50
DA:52,5
DA:53,3
DA:57,336
DA:67,112
DA:79,98
DA:80,98
DA:81,4
DA:82,4
DA:83,14
DA:89,4
DA:94,98
DA:96,97
DA:103,98
DA:104,97
DA:109,2
DA:129,98
DA:133,98
DA:134,1
DA:139,98
DA:140,1
DA:145,98
DA:146,98
DA:147,2
DA:152,98
DA:153,98
DA:154,1
DA:159,98
DA:160,1
DA:165,98
DA:166,588
DA:167,588
DA:168,11
DA:172,98
DA:173,1
DA:178,98
DA:179,14
DA:180,56
DA:181,56
DA:182,5
DA:189,98
DA:190,98
DA:191,1
DA:196,98
DA:211,98
DA:212,98
DA:213,98
DA:215,98
DA:216,98
DA:218,98
DA:219,98
DA:221,98
DA:254,31
DA:255,31
DA:264,90
DA:265,90
DA:266,84
DA:267,82
DA:268,80
DA:269,80
DA:279,33
DA:285,90
LF:67
LH:67
BRDA:28,0,0,118
BRDA:28,0,1,106
BRDA:29,1,0,94
BRDA:29,1,1,12
BRDA:40,2,0,40
BRDA:40,2,1,72
BRDA:50,3,0,62
BRDA:50,3,1,50
BRDA:51,4,0,45
BRDA:51,4,1,5
BRDA:52,5,0,2
BRDA:52,5,1,3
BRDA:57,6,0,333
BRDA:57,6,1,3
BRDA:79,7,0,98
BRDA:79,7,1,94
BRDA:80,8,0,94
BRDA:80,8,1,4
BRDA:85,9,0,2
BRDA:85,9,1,12
BRDA:94,10,0,1
BRDA:94,10,1,97
BRDA:96,11,0,94
BRDA:96,11,1,3
BRDA:98,12,0,1
BRDA:98,12,1,2
BRDA:103,13,0,4
BRDA:103,13,1,94
BRDA:103,14,0,98
BRDA:103,14,1,4
BRDA:109,15,0,2
BRDA:109,15,1,0
BRDA:125,16,0,98
BRDA:126,17,0,98
BRDA:127,18,0,98
BRDA:133,19,0,1
BRDA:133,19,1,97
BRDA:133,20,0,98
BRDA:133,20,1,1
BRDA:146,21,0,2
BRDA:146,21,1,96
BRDA:153,22,0,1
BRDA:153,22,1,97
BRDA:159,23,0,1
BRDA:159,23,1,97
BRDA:167,24,0,11
BRDA:167,24,1,577
BRDA:172,25,0,1
BRDA:172,25,1,97
BRDA:178,26,0,98
BRDA:178,26,1,94
BRDA:181,27,0,5
BRDA:181,27,1,51
BRDA:189,28,0,98
BRDA:189,28,1,94
BRDA:190,29,0,1
BRDA:190,29,1,97
BRDA:190,30,0,98
BRDA:190,30,1,4
BRDA:219,31,0,98
BRDA:219,31,1,63
BRDA:219,31,2,63
BRDA:234,32,0,4
BRDA:234,32,1,94
BRDA:264,33,0,0
BRDA:264,33,1,90
BRDA:265,34,0,6
BRDA:265,34,1,84
BRDA:266,35,0,2
BRDA:266,35,1,82
BRDA:266,36,0,84
BRDA:266,36,1,82
BRDA:267,37,0,2
BRDA:267,37,1,80
BRDA:269,38,0,80
BRDA:269,38,1,80
BRDA:283,39,0,33
BRDA:283,39,1,31
BRF:78
BRH:76
end_of_record
TN:
SF:src\contract\templates.ts
FN:16,stackBlock
FN:27,commandsBlock
FN:43,externalActionsBlock
FN:52,workspaceCommandsBlock
FN:54,(anonymous_4)
FN:70,scaleLine
FN:77,pathsOrNone
FN:78,(anonymous_7)
FN:81,installCommand
FN:102,projectContractDoc
FN:104,(anonymous_10)
FN:119,(anonymous_11)
FN:155,(anonymous_12)
FN:165,setupDoc
FN:178,(anonymous_14)
FNF:15
FNH:15
FNDA:52,stackBlock
FNDA:52,commandsBlock
FNDA:1,externalActionsBlock
FNDA:52,workspaceCommandsBlock
FNDA:2,(anonymous_4)
FNDA:52,scaleLine
FNDA:104,pathsOrNone
FNDA:26,(anonymous_7)
FNDA:53,installCommand
FNDA:52,projectContractDoc
FNDA:4,(anonymous_10)
FNDA:358,(anonymous_11)
FNDA:14,(anonymous_12)
FNDA:53,setupDoc
FNDA:1,(anonymous_14)
DA:13,16
DA:17,52
DA:18,52
DA:19,52
DA:20,52
DA:21,52
DA:22,52
DA:23,52
DA:28,52
DA:29,52
DA:37,52
DA:38,312
DA:40,52
DA:44,1
DA:45,1
DA:53,52
DA:54,52
DA:55,2
DA:57,4
DA:63,4
DA:64,16
DA:67,52
DA:71,52
DA:72,52
DA:73,52
DA:78,104
DA:82,53
DA:83,4
DA:94,4
DA:103,52
DA:104,52
DA:110,52
DA:119,358
DA:120,52
DA:155,14
DA:166,53
DA:167,53
DA:170,53
DA:171,53
DA:172,53
DA:173,53
DA:174,35
DA:177,53
DA:178,1
DA:181,53
DA:191,53
LF:46
LH:46
BRDA:17,0,0,17
BRDA:17,0,1,35
BRDA:18,1,0,14
BRDA:18,1,1,38
BRDA:19,2,0,1
BRDA:19,2,1,51
BRDA:20,3,0,0
BRDA:20,3,1,52
BRDA:21,4,0,1
BRDA:21,4,1,51
BRDA:22,5,0,3
BRDA:22,5,1,49
BRDA:38,6,0,60
BRDA:38,6,1,252
BRDA:40,7,0,17
BRDA:40,7,1,35
BRDA:44,8,0,0
BRDA:44,8,1,1
BRDA:54,9,0,52
BRDA:54,9,1,50
BRDA:64,10,0,10
BRDA:64,10,1,6
BRDA:71,11,0,0
BRDA:71,11,1,52
BRDA:72,12,0,2
BRDA:72,12,1,50
BRDA:78,13,0,26
BRDA:78,13,1,78
BRDA:82,14,0,49
BRDA:82,14,1,4
BRDA:94,15,0,4
BRDA:94,15,1,0
BRDA:104,16,0,52
BRDA:104,16,1,50
BRDA:126,17,0,13
BRDA:126,17,1,39
BRDA:135,18,0,1
BRDA:135,18,1,51
BRDA:136,19,0,2
BRDA:136,19,1,50
BRDA:137,20,0,4
BRDA:137,20,1,48
BRDA:155,21,0,4
BRDA:155,21,1,48
BRDA:167,22,0,4
BRDA:167,22,1,49
BRDA:171,23,0,18
BRDA:171,23,1,35
BRDA:172,24,0,17
BRDA:172,24,1,36
BRDA:173,25,0,35
BRDA:173,25,1,18
BRDA:177,26,0,1
BRDA:177,26,1,52
BRDA:181,27,0,0
BRDA:181,27,1,53
BRF:56
BRH:51
end_of_record
TN:
SF:src\crispy\index.ts
FN:15,workspaceRelPath
FN:20,workspaceAbsPath
FN:25,completedStages
FN:36,initPlan
FN:55,stageListDoc
FN:56,(anonymous_5)
FN:68,gateDoc
FN:80,advancePlan
FN:105,crispyPlan
FNF:9
FNH:9
FNDA:48,workspaceRelPath
FNDA:185,workspaceAbsPath
FNDA:24,completedStages
FNDA:3,initPlan
FNDA:3,stageListDoc
FNDA:21,(anonymous_5)
FNDA:3,gateDoc
FNDA:21,advancePlan
FNDA:30,crispyPlan
DA:16,48
DA:21,185
DA:26,24
DA:27,24
DA:28,168
DA:29,66
DA:32,24
DA:37,3
DA:38,3
DA:56,21
DA:57,3
DA:64,3
DA:69,3
DA:81,21
DA:82,21
DA:83,21
DA:106,30
DA:107,3
DA:110,27
DA:111,30
DA:112,30
DA:113,3
DA:116,24
DA:117,24
DA:118,3
DA:121,21
DA:124,15
LF:27
LH:27
BRDA:28,0,0,66
BRDA:28,0,1,102
BRDA:106,1,0,3
BRDA:106,1,1,27
BRDA:110,2,0,27
BRDA:110,2,1,2
BRDA:112,3,0,3
BRDA:112,3,1,27
BRDA:117,4,0,3
BRDA:117,4,1,21
BRDA:117,5,0,24
BRDA:117,5,1,17
BRF:12
BRH:12
end_of_record
TN:
SF:src\crispy\stages.ts
FN:60,findStage
FN:61,(anonymous_1)
FN:65,stageIndex
FN:66,(anonymous_3)
FN:70,priorStage
FNF:5
FNH:5
FNDA:27,findStage
FNDA:84,(anonymous_1)
FNDA:24,stageIndex
FNDA:63,(anonymous_3)
FNDA:24,priorStage
DA:21,15
DA:61,84
DA:66,63
DA:71,24
DA:72,24
LF:5
LH:5
BRDA:72,0,0,17
BRDA:72,0,1,7
BRF:2
BRH:2
end_of_record
TN:
SF:src\crispy\templates.ts
FN:85,bulletList
FN:86,(anonymous_1)
FN:94,stageTemplate
FN:112,bulletCount
FN:117,readmeTemplate
FN:118,(anonymous_5)
FN:143,stateTemplate
FN:144,(anonymous_7)
FN:158,installDocText
FN:169,(anonymous_9)
FNF:10
FNH:9
FNDA:21,bulletList
FNDA:105,(anonymous_1)
FNDA:21,stageTemplate
FNDA:0,bulletCount
FNDA:3,readmeTemplate
FNDA:21,(anonymous_5)
FNDA:24,stateTemplate
FNDA:168,(anonymous_7)
FNDA:24,installDocText
FNDA:48,(anonymous_9)
DA:12,15
DA:22,15
DA:32,15
DA:86,105
DA:95,21
DA:96,21
DA:113,0
DA:118,21
DA:119,3
DA:144,24
DA:145,168
DA:146,168
DA:148,24
DA:159,24
DA:169,48
LF:15
LH:14
BRDA:95,0,0,21
BRDA:95,0,1,0
BRDA:113,1,0,0
BRDA:113,1,1,0
BRDA:143,2,0,24
BRDA:145,3,0,77
BRDA:145,3,1,91
BRF:7
BRH:4
end_of_record
TN:
SF:src\ecc\index.ts
FN:28,eccCacheDir
FN:42,kiroEccActions
FN:138,stackSummary
FN:146,summaryDoc
FN:179,eccPlan
FN:195,(anonymous_5)
FNF:6
FNH:6
FNDA:4,eccCacheDir
FNDA:5,kiroEccActions
FNDA:15,stackSummary
FNDA:15,summaryDoc
FNDA:15,eccPlan
FNDA:15,(anonymous_5)
DA:25,15
DA:29,4
DA:30,4
DA:43,5
DA:44,5
DA:45,5
DA:46,5
DA:51,5
DA:52,1
DA:68,4
DA:69,4
DA:70,5
DA:71,5
DA:72,1
DA:73,0
DA:88,1
DA:102,3
DA:120,4
DA:139,15
DA:140,15
DA:141,15
DA:142,15
DA:143,15
DA:147,15
DA:148,15
DA:153,15
DA:180,15
DA:181,15
DA:182,15
DA:183,15
DA:184,15
DA:185,15
DA:187,15
DA:188,15
DA:189,35
DA:190,30
DA:194,15
DA:195,15
DA:196,15
DA:197,13
DA:199,15
DA:200,15
DA:201,0
DA:203,15
DA:204,15
DA:207,15
LF:46
LH:44
BRDA:29,0,0,4
BRDA:29,0,1,0
BRDA:29,0,2,0
BRDA:43,1,0,1
BRDA:43,1,1,4
BRDA:44,2,0,5
BRDA:44,2,1,4
BRDA:51,3,0,1
BRDA:51,3,1,4
BRDA:69,4,0,4
BRDA:69,4,1,3
BRDA:71,5,0,1
BRDA:71,5,1,3
BRDA:72,6,0,0
BRDA:72,6,1,1
BRDA:103,7,0,0
BRDA:103,7,1,3
BRDA:127,8,0,0
BRDA:127,8,1,4
BRDA:140,9,0,3
BRDA:140,9,1,12
BRDA:141,10,0,0
BRDA:141,10,1,15
BRDA:142,11,0,0
BRDA:142,11,1,15
BRDA:143,12,0,3
BRDA:143,12,1,12
BRDA:148,13,0,12
BRDA:148,13,1,3
BRDA:150,14,0,3
BRDA:150,14,1,0
BRDA:182,15,0,15
BRDA:182,15,1,14
BRDA:183,16,0,15
BRDA:183,16,1,14
BRDA:183,17,0,15
BRDA:183,17,1,14
BRDA:184,18,0,15
BRDA:184,18,1,14
BRDA:184,19,0,15
BRDA:184,19,1,14
BRDA:189,20,0,5
BRDA:189,20,1,30
BRDA:195,21,0,15
BRDA:195,21,1,12
BRDA:196,22,0,13
BRDA:196,22,1,2
BRDA:196,23,0,15
BRDA:196,23,1,4
BRDA:196,23,2,3
BRDA:200,24,0,0
BRDA:200,24,1,15
BRF:52
BRH:43
end_of_record
TN:
SF:src\ecc\install.ts
FN:30,isEccInstallTarget
FN:47,installerSpec
FN:52,eccInstallerArgv
FN:57,installerExec
FN:67,claudePluginDoc
FN:82,consultDoc
FN:98,eccActionsForCli
FN:112,eccSupplyChainDoc
FN:131,eccToolsDoc
FNF:9
FNH:9
FNDA:41,isEccInstallTarget
FNDA:48,installerSpec
FNDA:26,eccInstallerArgv
FNDA:22,installerExec
FNDA:7,claudePluginDoc
FNDA:8,consultDoc
FNDA:30,eccActionsForCli
FNDA:13,eccSupplyChainDoc
FNDA:15,eccToolsDoc
DA:20,15
DA:31,41
DA:48,48
DA:53,26
DA:58,22
DA:59,22
DA:60,22
DA:68,7
DA:83,8
DA:99,30
DA:100,22
DA:101,22
DA:102,22
DA:104,8
DA:113,13
DA:132,15
LF:16
LH:16
BRDA:48,0,0,3
BRDA:48,0,1,45
BRDA:48,1,0,48
BRDA:48,1,1,3
BRDA:59,2,0,1
BRDA:59,2,1,21
BRDA:99,3,0,22
BRDA:99,3,1,8
BRDA:101,4,0,7
BRDA:101,4,1,15
BRF:10
BRH:10
end_of_record
TN:
SF:src\ecc\select.ts
FN:36,languagePack
FN:51,frameworkPack
FN:66,eccLanguages
FN:85,(anonymous_3)
FNF:4
FNH:4
FNDA:9,languagePack
FNDA:1,frameworkPack
FNDA:25,eccLanguages
FNDA:99,(anonymous_3)
DA:8,24
DA:39,9
DA:40,3
DA:41,2
DA:42,1
DA:43,1
DA:44,1
DA:47,1
DA:52,1
DA:53,1
DA:54,1
DA:55,1
DA:56,0
DA:68,25
DA:70,25
DA:71,16
DA:74,9
DA:75,9
DA:76,9
DA:77,9
DA:79,9
DA:80,1
DA:81,1
DA:85,99
DA:86,9
LF:25
LH:24
BRDA:39,0,0,6
BRDA:39,0,1,3
BRDA:39,1,0,9
BRDA:39,1,1,6
BRDA:40,2,0,1
BRDA:40,2,1,2
BRDA:41,3,0,1
BRDA:41,3,1,1
BRDA:42,4,0,0
BRDA:42,4,1,1
BRDA:43,5,0,0
BRDA:43,5,1,1
BRDA:44,6,0,0
BRDA:44,6,1,1
BRDA:52,7,0,0
BRDA:52,7,1,1
BRDA:53,8,0,0
BRDA:53,8,1,1
BRDA:54,9,0,0
BRDA:54,9,1,1
BRDA:55,10,0,1
BRDA:55,10,1,0
BRDA:55,11,0,1
BRDA:55,11,1,0
BRDA:55,11,2,0
BRDA:68,12,0,25
BRDA:68,12,1,16
BRDA:68,12,2,16
BRDA:70,13,0,16
BRDA:70,13,1,9
BRDA:77,14,0,8
BRDA:77,14,1,1
BRDA:81,15,0,1
BRDA:81,15,1,0
BRF:34
BRH:24
end_of_record
TN:
SF:src\evidence\build.ts
FN:56,optionString
FN:62,toPosix
FN:66,bundlePath
FN:77,listFiles
FN:85,(anonymous_4)
FN:86,(anonymous_5)
FN:87,(anonymous_6)
FN:91,(anonymous_7)
FN:92,(anonymous_8)
FN:108,candidates
FN:149,artifactSchemaVersion
FN:169,discoverArtifacts
FN:185,(anonymous_12)
FN:189,buildText
FN:194,(anonymous_14)
FN:197,(anonymous_15)
FN:197,(anonymous_16)
FN:205,evidenceBuildPlan
FN:212,(anonymous_18)
FN:221,(anonymous_19)
FN:227,(anonymous_20)
FN:229,(anonymous_21)
FNF:22
FNH:22
FNDA:12,optionString
FNDA:627,toPosix
FNDA:147,bundlePath
FNDA:72,listFiles
FNDA:163,(anonymous_4)
FNDA:112,(anonymous_5)
FNDA:112,(anonymous_6)
FNDA:50,(anonymous_7)
FNDA:111,(anonymous_8)
FNDA:12,candidates
FNDA:111,artifactSchemaVersion
FNDA:12,discoverArtifacts
FNDA:270,(anonymous_12)
FNDA:12,buildText
FNDA:111,(anonymous_14)
FNDA:96,(anonymous_15)
FNDA:81,(anonymous_16)
FNDA:12,evidenceBuildPlan
FNDA:111,(anonymous_18)
FNDA:111,(anonymous_19)
FNDA:111,(anonymous_20)
FNDA:111,(anonymous_21)
DA:53,15
DA:54,15
DA:57,12
DA:58,12
DA:63,627
DA:67,147
DA:79,72
DA:80,72
DA:82,9
DA:84,63
DA:85,163
DA:86,112
DA:89,112
DA:91,50
DA:92,111
DA:109,12
DA:114,12
DA:115,21
DA:117,12
DA:118,10
DA:120,12
DA:121,10
DA:123,12
DA:124,20
DA:125,20
DA:127,12
DA:128,50
DA:130,12
DA:150,111
DA:151,111
DA:152,111
DA:153,111
DA:157,40
DA:170,12
DA:171,12
DA:172,117
DA:173,117
DA:174,111
DA:175,111
DA:176,111
DA:185,270
DA:190,12
DA:191,12
DA:192,111
DA:194,111
DA:195,12
DA:197,96
DA:198,81
DA:206,12
DA:207,12
DA:208,12
DA:210,12
DA:212,111
DA:219,12
DA:221,111
DA:227,111
DA:229,111
DA:237,12
DA:242,12
DA:243,12
DA:244,12
DA:251,12
DA:254,15
LF:63
LH:63
BRDA:58,0,0,0
BRDA:58,0,1,12
BRDA:58,1,0,12
BRDA:58,1,1,0
BRDA:89,2,0,112
BRDA:89,2,1,112
BRDA:89,2,2,112
BRDA:89,2,3,112
BRDA:115,3,0,21
BRDA:115,3,1,0
BRDA:118,4,0,10
BRDA:118,4,1,0
BRDA:121,5,0,10
BRDA:121,5,1,0
BRDA:124,6,0,20
BRDA:124,6,1,0
BRDA:124,7,0,20
BRDA:124,7,1,10
BRDA:125,8,0,0
BRDA:125,8,1,20
BRDA:128,9,0,20
BRDA:128,9,1,30
BRDA:153,10,0,71
BRDA:153,10,1,40
BRDA:153,11,0,111
BRDA:153,11,1,71
BRDA:153,11,2,71
BRDA:173,12,0,6
BRDA:173,12,1,111
BRDA:192,13,0,111
BRDA:192,13,1,81
BRDA:206,14,0,12
BRDA:206,14,1,12
BRDA:243,15,0,2
BRDA:243,15,1,10
BRF:35
BRH:28
end_of_record
TN:
SF:src\evidence\manifest.ts
FNF:0
FNH:0
DA:17,23
DA:20,23
DA:23,23
DA:34,23
DA:45,23
DA:54,23
LF:6
LH:6
BRF:0
BRH:0
end_of_record
TN:
SF:src\guardrails\command-policy.ts
FN:133,claudeBashPermissions
FN:135,(anonymous_1)
FN:136,(anonymous_2)
FN:137,(anonymous_3)
FN:148,sandboxExecPolicy
FN:151,(anonymous_5)
FN:152,(anonymous_6)
FN:153,(anonymous_7)
FN:154,(anonymous_8)
FN:160,ruleBullets
FN:161,(anonymous_10)
FN:170,enforcementRows
FN:171,(anonymous_12)
FN:180,commandPolicyDoc
FNF:14
FNH:14
FNDA:34,claudeBashPermissions
FNDA:782,(anonymous_1)
FNDA:714,(anonymous_2)
FNDA:1122,(anonymous_3)
FNDA:87,sandboxExecPolicy
FNDA:2001,(anonymous_5)
FNDA:1827,(anonymous_6)
FNDA:1305,(anonymous_7)
FNDA:1566,(anonymous_8)
FNDA:132,ruleBullets
FNDA:2541,(anonymous_10)
FNDA:33,enforcementRows
FNDA:363,(anonymous_12)
FNDA:33,commandPolicyDoc
DA:36,35
DA:125,35
DA:134,34
DA:135,782
DA:136,714
DA:138,1122
DA:149,87
DA:151,2001
DA:152,1827
DA:153,1305
DA:154,1566
DA:161,2541
DA:171,33
DA:172,363
DA:173,363
DA:181,33
LF:16
LH:16
BRDA:161,0,0,1452
BRDA:161,0,1,1089
BRDA:172,1,0,363
BRDA:172,1,1,0
BRDA:173,2,0,33
BRDA:173,2,1,330
BRF:6
BRH:5
end_of_record
TN:
SF:src\guardrails\gitleaks.ts
FN:23,gitleaksToml
FN:52,(anonymous_1)
FNF:2
FNH:2
FNDA:66,gitleaksToml
FNDA:132,(anonymous_1)
DA:14,65
DA:17,65
DA:20,65
DA:24,66
DA:52,132
LF:5
LH:5
BRF:0
BRH:0
end_of_record
TN:
SF:src\guardrails\index.ts
FN:36,taxonomyPath
FN:41,commandPolicyPath
FN:46,riskGatesPath
FN:51,ciNote
FN:74,preCommitActions
FN:115,guardrailsPlan
FN:199,(anonymous_6)
FNF:7
FNH:7
FNDA:30,taxonomyPath
FNDA:30,commandPolicyPath
FNDA:30,riskGatesPath
FNDA:66,ciNote
FNDA:66,preCommitActions
FNDA:66,guardrailsPlan
FNDA:3,(anonymous_6)
DA:25,17
DA:26,17
DA:27,17
DA:29,17
DA:31,17
DA:33,17
DA:37,30
DA:42,30
DA:47,30
DA:52,66
DA:53,66
DA:75,66
DA:76,66
DA:77,66
DA:78,65
DA:88,1
DA:99,1
DA:100,1
DA:104,1
DA:116,66
DA:117,66
DA:118,66
DA:138,66
DA:139,30
DA:157,66
DA:158,30
DA:172,30
DA:173,1
DA:183,66
DA:184,30
DA:197,66
DA:200,3
DA:201,3
DA:202,2
DA:209,1
DA:210,3
DA:221,66
DA:224,17
LF:38
LH:38
BRDA:76,0,0,66
BRDA:76,0,1,5
BRDA:77,1,0,65
BRDA:77,1,1,1
BRDA:82,2,0,1
BRDA:82,2,1,64
BRDA:99,3,0,1
BRDA:99,3,1,0
BRDA:116,4,0,66
BRDA:116,4,1,35
BRDA:138,5,0,30
BRDA:138,5,1,36
BRDA:157,6,0,30
BRDA:157,6,1,36
BRDA:157,7,0,66
BRDA:157,7,1,30
BRDA:172,8,0,1
BRDA:172,8,1,29
BRDA:183,9,0,30
BRDA:183,9,1,36
BRDA:190,10,0,1
BRDA:190,10,1,29
BRDA:201,11,0,2
BRDA:201,11,1,1
BRDA:209,12,0,1
BRDA:209,12,1,0
BRDA:210,13,0,1
BRDA:210,13,1,0
BRDA:211,14,0,1
BRDA:211,14,1,0
BRDA:215,15,0,0
BRDA:215,15,1,0
BRF:32
BRH:26
end_of_record
TN:
SF:src\guardrails\precommit.ts
FN:21,gitleaksRepoBlock
FN:22,(anonymous_1)
FN:33,preCommitConfigYaml
FN:61,gitleaksMergeSnippet
FNF:4
FNH:4
FNDA:68,gitleaksRepoBlock
FNDA:136,(anonymous_1)
FNDA:67,preCommitConfigYaml
FNDA:1,gitleaksMergeSnippet
DA:12,33
DA:15,33
DA:18,33
DA:22,136
DA:23,68
DA:34,67
DA:41,67
DA:42,1
DA:53,67
DA:62,1
LF:10
LH:10
BRDA:41,0,0,1
BRDA:41,0,1,66
BRF:2
BRH:2
end_of_record
TN:
SF:src\guardrails\redact.ts
FN:22,fromGitleaks
FN:42,redactSecrets
FN:43,(anonymous_2)
FNF:3
FNH:3
FNDA:130,fromGitleaks
FNDA:498,redactSecrets
FNDA:2988,(anonymous_2)
DA:15,65
DA:23,130
DA:24,130
DA:32,65
DA:43,2988
LF:5
LH:5
BRDA:24,0,0,65
BRDA:24,0,1,65
BRDA:24,1,0,65
BRDA:24,1,1,65
BRF:4
BRH:4
end_of_record
TN:
SF:src\guardrails\risk-gates.ts
FN:157,riskGatesJson
FN:171,patternList
FN:173,(anonymous_2)
FN:181,riskGatesDoc
FN:182,(anonymous_4)
FN:215,(anonymous_5)
FN:219,(anonymous_6)
FNF:7
FNH:7
FNDA:31,riskGatesJson
FNDA:952,patternList
FNDA:3740,(anonymous_2)
FNDA:68,riskGatesDoc
FNDA:476,(anonymous_4)
FNDA:204,(anonymous_5)
FNDA:272,(anonymous_6)
DA:21,34
DA:33,34
DA:138,34
DA:145,34
DA:158,31
DA:172,952
DA:173,3740
DA:182,476
DA:195,68
DA:215,204
DA:219,272
LF:11
LH:11
BRDA:157,0,0,31
BRDA:172,1,0,340
BRDA:172,1,1,612
BRF:3
BRH:3
end_of_record
TN:
SF:src\guardrails\sca.ts
FN:64,blockingLicenses
FN:65,(anonymous_1)
FN:67,(anonymous_2)
FN:76,blockedLicensesFound
FN:80,(anonymous_4)
FN:83,matrixComment
FN:84,(anonymous_6)
FN:91,scaWorkflowYaml
FNF:8
FNH:8
FNDA:171,blockingLicenses
FNDA:684,(anonymous_1)
FNDA:342,(anonymous_2)
FNDA:5,blockedLicensesFound
FNDA:50,(anonymous_4)
FNDA:66,matrixComment
FNDA:264,(anonymous_6)
FNDA:66,scaWorkflowYaml
DA:27,33
DA:65,171
DA:66,684
DA:67,342
DA:80,50
DA:84,66
DA:85,264
DA:87,66
DA:92,66
DA:93,66
DA:94,66
LF:11
LH:11
BRDA:66,0,0,684
BRDA:66,0,1,513
BRDA:78,1,0,5
BRF:3
BRH:3
end_of_record
TN:
SF:src\guardrails\taxonomy.ts
FN:12,taxonomyDoc
FNF:1
FNH:1
FNDA:30,taxonomyDoc
DA:13,30
DA:14,30
LF:2
LH:2
BRF:0
BRH:0
end_of_record
TN:
SF:src\hardware\index.ts
FN:26,modelSizeGb
FN:32,buildPlan
FN:70,(anonymous_2)
FNF:3
FNH:3
FNDA:35,modelSizeGb
FNDA:35,buildPlan
FNDA:2,(anonymous_2)
DA:23,16
DA:27,35
DA:28,35
DA:29,35
DA:33,35
DA:38,35
DA:39,35
DA:40,35
DA:42,35
DA:44,35
DA:56,35
DA:71,2
DA:73,2
DA:77,2
DA:92,16
LF:15
LH:15
BRDA:28,0,0,0
BRDA:28,0,1,35
BRDA:28,1,0,35
BRDA:28,1,1,34
BRDA:29,2,0,1
BRDA:29,2,1,34
BRDA:29,3,0,35
BRDA:29,3,1,1
BRDA:42,4,0,35
BRDA:42,4,1,0
BRDA:48,5,0,35
BRDA:48,5,1,20
BRDA:73,6,0,2
BRDA:73,6,1,2
BRDA:73,6,2,2
BRDA:73,6,3,2
BRDA:77,7,0,2
BRDA:77,7,1,0
BRF:18
BRH:15
end_of_record
TN:
SF:src\hardware\sizing.ts
FN:118,serverMemoryGb
FN:124,inferenceThreads
FN:133,parallelRequests
FN:145,recommendQuantization
FN:146,(anonymous_4)
FN:151,sizeForHost
FNF:6
FNH:6
FNDA:45,serverMemoryGb
FNDA:45,inferenceThreads
FNDA:46,parallelRequests
FNDA:47,recommendQuantization
FNDA:206,(anonymous_4)
FNDA:39,sizeForHost
DA:19,17
DA:26,17
DA:32,17
DA:54,17
DA:93,17
DA:96,17
DA:119,45
DA:120,42
DA:125,45
DA:126,44
DA:134,46
DA:135,44
DA:136,43
DA:137,43
DA:146,206
DA:147,47
DA:152,39
DA:153,39
LF:18
LH:18
BRDA:119,0,0,3
BRDA:119,0,1,42
BRDA:119,1,0,45
BRDA:119,1,1,44
BRDA:125,2,0,1
BRDA:125,2,1,44
BRDA:125,3,0,45
BRDA:125,3,1,45
BRDA:134,4,0,2
BRDA:134,4,1,44
BRDA:134,5,0,46
BRDA:134,5,1,46
BRDA:135,6,0,1
BRDA:135,6,1,43
BRDA:135,7,0,44
BRDA:135,7,1,44
BRDA:147,8,0,47
BRDA:147,8,1,0
BRF:18
BRH:17
end_of_record
TN:
SF:src\hardware\templates.ts
FN:31,inferenceEnv
FN:44,profileDoc
FNF:2
FNH:2
FNDA:35,inferenceEnv
FNDA:35,profileDoc
DA:15,16
DA:23,16
DA:32,35
DA:55,35
LF:4
LH:4
BRF:0
BRH:0
end_of_record
TN:
SF:src\heal\cert-verify.ts
FN:18,caCheck
FN:59,planCertVerify
FNF:2
FNH:2
FNDA:90,caCheck
FNDA:90,planCertVerify
DA:8,26
DA:9,26
DA:19,90
DA:20,90
DA:21,21
DA:23,69
DA:24,1
DA:31,68
DA:32,1
DA:41,67
DA:42,4
DA:49,63
DA:50,63
DA:56,0
DA:60,90
DA:61,90
DA:62,90
DA:63,90
DA:67,90
DA:68,10
DA:70,10
DA:73,10
DA:82,90
DA:83,21
DA:84,21
DA:85,4
DA:86,4
DA:90,90
DA:93,26
LF:29
LH:28
BRDA:20,0,0,21
BRDA:20,0,1,69
BRDA:20,1,0,90
BRDA:20,1,1,23
BRDA:20,1,2,22
BRDA:23,2,0,1
BRDA:23,2,1,68
BRDA:23,3,0,69
BRDA:23,3,1,2
BRDA:31,4,0,1
BRDA:31,4,1,67
BRDA:41,5,0,4
BRDA:41,5,1,63
BRDA:49,6,0,63
BRDA:49,6,1,0
BRDA:60,7,0,90
BRDA:60,7,1,81
BRDA:61,8,0,90
BRDA:61,8,1,82
BRDA:67,9,0,10
BRDA:67,9,1,80
BRDA:67,10,0,90
BRDA:67,10,1,82
BRDA:68,11,0,10
BRDA:68,11,1,1
BRDA:70,12,0,1
BRDA:70,12,1,9
BRDA:82,13,0,21
BRDA:82,13,1,69
BRDA:84,14,0,4
BRDA:84,14,1,17
BRF:31
BRH:30
end_of_record
TN:
SF:src\heal\common.ts
FN:38,hostOf
FN:52,tlsCheck
FN:62,(anonymous_2)
FN:63,(anonymous_3)
FN:77,captured
FN:78,(anonymous_5)
FN:86,versionArgv
FN:98,classifyTool
FNF:8
FNH:8
FNDA:82,hostOf
FNDA:93,tlsCheck
FNDA:9,(anonymous_2)
FNDA:9,(anonymous_3)
FNDA:482,captured
FNDA:346,(anonymous_5)
FNDA:124,versionArgv
FNDA:126,classifyTool
DA:14,26
DA:17,26
DA:18,26
DA:39,82
DA:40,82
DA:42,0
DA:53,93
DA:54,93
DA:55,2
DA:57,91
DA:58,82
DA:60,9
DA:62,9
DA:63,9
DA:64,9
DA:78,482
DA:87,124
DA:103,126
DA:104,126
DA:105,115
LF:20
LH:19
BRDA:54,0,0,2
BRDA:54,0,1,91
BRDA:57,1,0,82
BRDA:57,1,1,9
BRDA:67,2,0,9
BRDA:67,2,1,0
BRDA:87,3,0,10
BRDA:87,3,1,114
BRDA:103,4,0,126
BRDA:103,4,1,116
BRDA:103,4,2,11
BRDA:104,5,0,11
BRDA:104,5,1,115
BRDA:105,6,0,107
BRDA:105,6,1,8
BRF:15
BRH:14
end_of_record
TN:
SF:src\heal\index.ts
FN:16,notProbed
FN:33,healPlan
FNF:2
FNH:2
FNDA:4,notProbed
FNDA:33,healPlan
DA:17,4
DA:34,33
DA:38,33
DA:39,33
DA:48,33
DA:49,33
DA:50,132
DA:55,33
DA:63,33
DA:66,16
LF:10
LH:10
BRDA:38,0,0,33
BRDA:38,0,1,4
BRDA:38,0,2,1
BRDA:40,1,0,33
BRDA:40,1,1,0
BRDA:43,2,0,29
BRDA:43,2,1,4
BRDA:50,3,0,117
BRDA:50,3,1,15
BRF:9
BRH:8
end_of_record
TN:
SF:src\heal\mcp-probe.ts
FN:10,mcpNeedsNpx
FN:22,planMcpProbe
FNF:2
FNH:2
FNDA:91,mcpNeedsNpx
FNDA:91,planMcpProbe
DA:7,26
DA:11,91
DA:12,91
DA:13,6
DA:23,91
DA:26,91
DA:27,85
DA:33,85
DA:35,6
DA:36,1
DA:37,1
DA:40,5
DA:41,5
DA:42,5
DA:43,1
DA:48,4
DA:49,3
DA:56,1
DA:63,5
DA:66,26
LF:20
LH:20
BRDA:12,0,0,85
BRDA:12,0,1,6
BRDA:26,1,0,85
BRDA:26,1,1,6
BRDA:35,2,0,1
BRDA:35,2,1,5
BRDA:42,3,0,1
BRDA:42,3,1,4
BRDA:48,4,0,3
BRDA:48,4,1,1
BRF:10
BRH:10
end_of_record
TN:
SF:src\heal\npm-heal.ts
FN:7,firstLine
FN:11,(anonymous_1)
FN:12,(anonymous_2)
FN:17,nodeCheck
FN:32,npmCheck
FN:70,planNpmHeal
FNF:6
FNH:6
FNDA:4,firstLine
FNDA:4,(anonymous_1)
FNDA:4,(anonymous_2)
FNDA:31,nodeCheck
FNDA:31,npmCheck
FNDA:31,planNpmHeal
DA:8,4
DA:11,4
DA:12,4
DA:18,31
DA:19,31
DA:20,31
DA:21,3
DA:28,28
DA:33,31
DA:34,3
DA:40,28
DA:41,28
DA:42,28
DA:43,28
DA:44,1
DA:51,27
DA:52,4
DA:53,4
DA:60,23
DA:71,31
DA:72,31
DA:73,31
DA:75,31
DA:76,3
DA:77,3
DA:79,28
DA:81,5
DA:82,1
DA:84,4
DA:86,5
DA:89,16
LF:31
LH:31
BRDA:9,0,0,4
BRDA:9,0,1,0
BRDA:20,1,0,3
BRDA:20,1,1,28
BRDA:33,2,0,3
BRDA:33,2,1,28
BRDA:43,3,0,1
BRDA:43,3,1,27
BRDA:51,4,0,4
BRDA:51,4,1,23
BRDA:52,5,0,4
BRDA:52,5,1,0
BRDA:75,6,0,3
BRDA:75,6,1,28
BRDA:79,7,0,23
BRDA:79,7,1,5
BRDA:81,8,0,1
BRDA:81,8,1,4
BRF:18
BRH:16
end_of_record
TN:
SF:src\heal\path-heal.ts
FN:9,userBinDir
FN:15,onPath
FN:18,(anonymous_2)
FN:23,(anonymous_3)
FN:33,planPathHeal
FNF:5
FNH:5
FNDA:59,userBinDir
FNDA:5,onPath
FNDA:11,(anonymous_2)
FNDA:6,(anonymous_3)
FNDA:59,planPathHeal
DA:10,59
DA:11,59
DA:16,5
DA:17,5
DA:18,5
DA:19,11
DA:20,5
DA:21,5
DA:23,6
DA:34,59
DA:35,59
DA:36,59
DA:39,59
DA:40,54
DA:45,5
DA:46,1
DA:48,4
DA:56,59
DA:57,59
DA:58,4
DA:60,59
DA:63,26
LF:22
LH:22
BRDA:10,0,0,59
BRDA:10,0,1,4
BRDA:10,0,2,0
BRDA:16,1,0,5
BRDA:16,1,1,3
BRDA:16,1,2,0
BRDA:17,2,0,3
BRDA:17,2,1,2
BRDA:19,3,0,7
BRDA:19,3,1,4
BRDA:36,4,0,59
BRDA:36,4,1,5
BRDA:39,5,0,54
BRDA:39,5,1,5
BRDA:45,6,0,1
BRDA:45,6,1,4
BRDA:57,7,0,4
BRDA:57,7,1,55
BRF:18
BRH:16
end_of_record
TN:
SF:src\heal\phases.ts
FN:20,parseScope
FN:25,(anonymous_1)
FN:27,(anonymous_2)
FN:34,(anonymous_3)
FNF:4
FNH:4
FNDA:40,parseScope
FNDA:12,(anonymous_1)
FNDA:12,(anonymous_2)
FNDA:28,(anonymous_3)
DA:13,16
DA:21,40
DA:22,40
DA:23,9
DA:25,12
DA:27,12
DA:28,9
DA:29,2
DA:33,7
DA:34,28
LF:10
LH:10
BRDA:21,0,0,13
BRDA:21,0,1,27
BRDA:22,1,0,31
BRDA:22,1,1,9
BRDA:22,2,0,40
BRDA:22,2,1,12
BRDA:28,3,0,2
BRDA:28,3,1,7
BRDA:34,4,0,7
BRDA:34,4,1,0
BRF:10
BRH:9
end_of_record
TN:
SF:src\heal\templates.ts
FN:23,npmHealScript
FN:59,npmReinstallDoc
FN:75,npmOfflineDoc
FN:90,nodeMissingDoc
FN:99,certFixDoc
FN:117,guiCaNote
FN:126,pathFixDoc
FNF:7
FNH:7
FNDA:1,npmHealScript
FNDA:1,npmReinstallDoc
FNDA:4,npmOfflineDoc
FNDA:3,nodeMissingDoc
FNDA:10,certFixDoc
FNDA:4,guiCaNote
FNDA:4,pathFixDoc
DA:15,26
DA:24,1
DA:60,1
DA:76,4
DA:77,4
DA:91,3
DA:100,10
DA:118,4
DA:127,4
DA:128,2
DA:137,2
LF:11
LH:11
BRDA:76,0,0,4
BRDA:76,0,1,2
BRDA:127,1,0,2
BRDA:127,1,1,2
BRF:4
BRH:4
end_of_record
TN:
SF:src\init\index.ts
FN:17,brownfieldRedirect
FN:50,initPlan
FNF:2
FNH:2
FNDA:34,brownfieldRedirect
FNDA:34,initPlan
DA:18,34
DA:19,34
DA:20,1
DA:53,34
DA:54,34
DA:56,33
DA:59,33
DA:68,34
DA:69,33
DA:73,33
DA:74,0
DA:77,33
DA:79,330
DA:82,330
DA:83,330
DA:84,330
DA:90,33
DA:110,33
DA:133,33
DA:134,33
DA:135,33
DA:136,2114
DA:137,1217
DA:138,1217
DA:140,897
DA:141,897
DA:142,767
DA:143,767
DA:144,767
DA:146,130
DA:148,130
DA:151,2114
DA:152,64
DA:156,33
DA:159,15
LF:35
LH:34
BRDA:19,0,0,33
BRDA:19,0,1,1
BRDA:19,1,0,34
BRDA:19,1,1,1
BRDA:54,2,0,1
BRDA:54,2,1,33
BRDA:59,3,0,33
BRDA:59,3,1,32
BRDA:73,4,0,0
BRDA:73,4,1,33
BRDA:79,5,0,33
BRDA:79,5,1,297
BRDA:136,6,0,1217
BRDA:136,6,1,897
BRDA:141,7,0,767
BRDA:141,7,1,130
BRDA:148,8,0,130
BRDA:148,8,1,64
BRDA:148,8,2,64
BRDA:148,8,3,64
BRDA:151,9,0,64
BRDA:151,9,1,2050
BRF:22
BRH:21
end_of_record
TN:
SF:src\init\phases.ts
FNF:0
FNH:0
DA:39,15
LF:1
LH:1
BRF:0
BRH:0
end_of_record
TN:
SF:src\internals\canon-mode.ts
FN:17,canonMode
FNF:1
FNH:1
FNDA:200,canonMode
DA:18,200
DA:22,23
LF:2
LH:2
BRDA:18,0,0,76
BRDA:18,0,1,124
BRF:2
BRH:2
end_of_record
TN:
SF:src\internals\cli-detect.ts
FN:28,homeDir
FN:33,binaryOnPath
FN:40,detectOne
FN:54,detectClis
FN:55,(anonymous_4)
FN:81,detectInstall
FN:84,(anonymous_6)
FN:111,detectClisByConfig
FN:113,(anonymous_8)
FN:123,presentClis
FN:124,(anonymous_10)
FN:124,(anonymous_11)
FN:142,confirmDetectedClis
FN:185,resolveTargets
FN:195,(anonymous_14)
FN:195,(anonymous_15)
FN:196,(anonymous_16)
FN:196,(anonymous_17)
FN:224,(anonymous_18)
FN:224,(anonymous_19)
FN:233,resolveTargetClis
FN:246,isTargeted
FN:251,detectFallbackNotice
FNF:23
FNH:23
FNDA:567,homeDir
FNDA:1969,binaryOnPath
FNDA:16,detectOne
FNDA:1,detectClis
FNDA:11,(anonymous_4)
FNDA:163,detectInstall
FNDA:1793,(anonymous_6)
FNDA:102,detectClisByConfig
FNDA:1122,(anonymous_8)
FNDA:2,presentClis
FNDA:22,(anonymous_10)
FNDA:6,(anonymous_11)
FNDA:8,confirmDetectedClis
FNDA:328,resolveTargets
FNDA:121,(anonymous_14)
FNDA:5,(anonymous_15)
FNDA:121,(anonymous_16)
FNDA:5,(anonymous_17)
FNDA:1166,(anonymous_18)
FNDA:4,(anonymous_19)
FNDA:8,resolveTargetClis
FNDA:245,isTargeted
FNDA:2,detectFallbackNotice
DA:29,567
DA:34,1969
DA:35,1969
DA:36,1969
DA:41,16
DA:42,16
DA:43,16
DA:44,26
DA:45,4
DA:47,12
DA:48,13
DA:50,9
DA:55,11
DA:82,163
DA:83,163
DA:85,1793
DA:86,1793
DA:87,1793
DA:88,2621
DA:89,638
DA:90,638
DA:91,638
DA:94,1793
DA:95,1956
DA:96,12
DA:97,12
DA:98,12
DA:101,1793
DA:112,102
DA:113,102
DA:114,1122
DA:115,1831
DA:116,13
DA:118,1109
DA:124,22
DA:147,8
DA:149,8
DA:156,8
DA:169,8
DA:170,8
DA:171,2
DA:190,328
DA:191,169
DA:192,169
DA:193,328
DA:194,11
DA:195,121
DA:196,121
DA:197,11
DA:198,3
DA:199,3
DA:200,1
DA:202,8
DA:203,4
DA:211,158
DA:214,110
DA:215,110
DA:216,4
DA:217,4
DA:224,1166
DA:225,106
DA:229,152
DA:234,8
DA:247,245
DA:252,2
LF:65
LH:65
BRDA:29,0,0,567
BRDA:29,0,1,231
BRDA:29,0,2,163
BRDA:34,1,0,0
BRDA:34,1,1,1969
BRDA:36,2,0,1969
BRDA:36,2,1,1703
BRDA:36,2,2,1703
BRDA:44,3,0,4
BRDA:44,3,1,22
BRDA:48,4,0,3
BRDA:48,4,1,10
BRDA:88,5,0,638
BRDA:88,5,1,1983
BRDA:95,6,0,12
BRDA:95,6,1,1944
BRDA:115,7,0,13
BRDA:115,7,1,1818
BRDA:145,8,0,8
BRDA:149,9,0,2
BRDA:149,9,1,6
BRDA:156,10,0,5
BRDA:156,10,1,3
BRDA:170,11,0,6
BRDA:170,11,1,2
BRDA:190,12,0,159
BRDA:190,12,1,169
BRDA:192,13,0,169
BRDA:192,13,1,38
BRDA:193,14,0,11
BRDA:193,14,1,317
BRDA:193,15,0,328
BRDA:193,15,1,14
BRDA:193,15,2,13
BRDA:196,16,0,121
BRDA:196,16,1,6
BRDA:197,17,0,3
BRDA:197,17,1,8
BRDA:199,18,0,2
BRDA:199,18,1,1
BRDA:202,19,0,4
BRDA:202,19,1,4
BRDA:211,20,0,110
BRDA:211,20,1,48
BRDA:211,21,0,158
BRDA:211,21,1,120
BRDA:211,21,2,110
BRDA:215,22,0,4
BRDA:215,22,1,106
BRDA:215,23,0,110
BRDA:215,23,1,4
BRDA:217,24,0,4
BRDA:217,24,1,0
BRDA:225,25,0,2
BRDA:225,25,1,104
BRDA:247,26,0,245
BRDA:247,26,1,142
BRF:57
BRH:55
end_of_record
TN:
SF:src\internals\cli-registry.ts
FN:256,entry
FN:263,bootloadersFor
FNF:2
FNH:2
FNDA:4744,entry
FNDA:148,bootloadersFor
DA:24,68
DA:25,68
DA:27,68
DA:52,68
DA:59,68
DA:93,68
DA:250,68
DA:253,68
DA:257,4744
DA:258,4744
DA:259,4743
DA:264,148
DA:265,148
DA:266,381
DA:268,148
LF:15
LH:15
BRDA:258,0,0,1
BRDA:258,0,1,4743
BRDA:266,1,0,277
BRDA:266,1,1,104
BRF:4
BRH:4
end_of_record
TN:
SF:src\internals\clis.ts
FN:37,resolveClis
FN:46,(anonymous_1)
FN:47,(anonymous_2)
FN:48,(anonymous_3)
FN:56,(anonymous_4)
FNF:5
FNH:5
FNDA:169,resolveClis
FNDA:97,(anonymous_1)
FNDA:97,(anonymous_2)
FNDA:97,(anonymous_3)
FNDA:93,(anonymous_4)
DA:9,70
DA:25,70
DA:41,169
DA:42,157
DA:43,157
DA:44,51
DA:46,97
DA:47,97
DA:48,97
DA:49,51
DA:50,2
DA:56,93
DA:57,49
DA:59,107
LF:14
LH:14
BRDA:39,0,0,169
BRDA:41,1,0,12
BRDA:41,1,1,157
BRDA:43,2,0,51
BRDA:43,2,1,106
BRDA:43,3,0,157
BRDA:43,3,1,52
BRDA:49,4,0,2
BRDA:49,4,1,49
BRDA:49,5,0,51
BRDA:49,5,1,41
BRDA:57,6,0,48
BRDA:57,6,1,1
BRF:13
BRH:13
end_of_record
TN:
SF:src\internals\commander-options.ts
FN:3,optionSource
FNF:1
FNH:1
FNDA:136,optionSource
DA:4,136
LF:1
LH:1
BRDA:4,0,0,136
BRDA:4,0,1,56
BRF:2
BRH:2
end_of_record
TN:
SF:src\internals\envfile.ts
FN:10,formatExport
FN:17,posixQuote
FN:22,escapeRegExp
FN:34,upsertManagedBlock
FN:40,(anonymous_4)
FN:52,upsertTextBlock
FN:74,removeManagedBlock
FNF:7
FNH:7
FNDA:251,formatExport
FNDA:184,posixQuote
FNDA:202,escapeRegExp
FNDA:42,upsertManagedBlock
FNDA:250,(anonymous_4)
FNDA:93,upsertTextBlock
FNDA:8,removeManagedBlock
DA:11,251
DA:12,67
DA:14,184
DA:18,184
DA:19,21
DA:23,202
DA:40,250
DA:53,93
DA:54,93
DA:55,93
DA:57,93
DA:58,93
DA:60,93
DA:63,93
DA:64,13
DA:66,80
DA:67,80
DA:69,93
DA:70,93
DA:75,8
DA:76,8
DA:77,8
DA:78,8
DA:79,8
DA:80,8
DA:81,8
LF:26
LH:26
BRDA:11,0,0,67
BRDA:11,0,1,184
BRDA:18,1,0,163
BRDA:18,1,1,21
BRDA:63,2,0,13
BRDA:63,2,1,80
BRDA:67,3,0,15
BRDA:67,3,1,65
BRDA:69,4,0,0
BRDA:69,4,1,93
BRDA:70,5,0,1
BRDA:70,5,1,92
BRDA:81,6,0,0
BRDA:81,6,1,8
BRF:14
BRH:12
end_of_record
TN:
SF:src\internals\execute.ts
FN:58,resolvePath
FN:63,lstatKind
FN:72,realpathSafe
FN:86,assertContained
FN:120,writeArtifact
FN:131,resolveContents
FN:153,changedDirtyTargets
FN:186,executePlan
FN:354,(anonymous_8)
FN:369,(anonymous_9)
FN:479,summarizeResult
FN:485,(anonymous_11)
FNF:12
FNH:12
FNDA:999,resolvePath
FNDA:52,lstatKind
FNDA:1784,realpathSafe
FNDA:892,assertContained
FNDA:11,writeArtifact
FNDA:879,resolveContents
FNDA:2,changedDirtyTargets
FNDA:450,executePlan
FNDA:36,(anonymous_8)
FNDA:39,(anonymous_9)
FNDA:73,summarizeResult
FNDA:3,(anonymous_11)
DA:59,999
DA:64,52
DA:65,52
DA:67,2
DA:73,1784
DA:74,1784
DA:76,0
DA:87,892
DA:88,892
DA:89,1604
DA:90,892
DA:91,892
DA:92,892
DA:93,892
DA:94,7
DA:121,11
DA:122,11
DA:123,11
DA:124,11
DA:125,9
DA:126,9
DA:127,9
DA:132,879
DA:133,269
DA:134,129
DA:135,129
DA:136,129
DA:137,129
DA:139,140
DA:141,610
DA:154,2
DA:155,2
DA:157,2
DA:164,2
DA:165,2
DA:166,2
DA:167,2
DA:168,2
DA:172,1
DA:174,1
DA:175,1
DA:177,2
DA:201,450
DA:202,198
DA:207,198
DA:211,198
DA:212,198
DA:213,198
DA:214,3
DA:217,3
DA:218,3
DA:226,447
DA:227,447
DA:228,447
DA:229,447
DA:230,447
DA:231,447
DA:232,447
DA:233,447
DA:234,447
DA:236,447
DA:237,2165
DA:238,783
DA:239,783
DA:240,782
DA:241,782
DA:243,21
DA:250,761
DA:254,761
DA:261,761
DA:262,761
DA:269,1382
DA:270,227
DA:271,22
DA:275,22
DA:276,22
DA:280,22
DA:281,12
DA:284,226
DA:285,1155
DA:286,61
DA:287,1094
DA:288,36
DA:289,1058
DA:290,303
DA:291,755
DA:292,55
DA:297,55
DA:298,55
DA:299,55
DA:300,0
DA:304,52
DA:305,2
DA:311,50
DA:314,50
DA:319,50
DA:320,50
DA:321,49
DA:329,700
DA:336,441
DA:337,441
DA:338,36
DA:339,36
DA:340,36
DA:341,36
DA:343,441
DA:344,32
DA:345,32
DA:346,32
DA:347,36
DA:350,32
DA:351,32
DA:352,32
DA:354,36
DA:360,441
DA:361,441
DA:362,262
DA:363,262
DA:368,262
DA:369,39
DA:371,262
DA:372,40
DA:373,40
DA:378,440
DA:379,440
DA:380,440
DA:381,440
DA:382,61
DA:383,41
DA:390,3
DA:391,3
DA:395,1
DA:397,3
DA:398,2
DA:407,39
DA:408,39
DA:409,41
DA:416,41
DA:417,2
DA:420,2
DA:423,20
DA:428,438
DA:429,223
DA:430,223
DA:431,223
DA:432,221
DA:433,832
DA:434,483
DA:435,90
DA:437,393
DA:444,438
DA:446,303
DA:449,303
DA:450,303
DA:457,303
DA:464,438
DA:485,73
DA:487,73
DA:491,73
DA:496,73
DA:497,73
DA:498,49
DA:500,73
DA:501,3
DA:509,73
DA:510,0
DA:512,73
DA:513,76
DA:516,76
DA:518,73
DA:519,4
DA:520,4
DA:525,73
DA:526,24
DA:527,1
DA:533,73
DA:534,46
DA:535,46
DA:537,73
DA:538,6
DA:540,73
LF:181
LH:178
BRDA:89,0,0,892
BRDA:89,0,1,1604
BRDA:93,1,0,885
BRDA:93,1,1,7
BRDA:93,2,0,892
BRDA:93,2,1,892
BRDA:93,2,2,885
BRDA:124,3,0,1
BRDA:124,3,1,10
BRDA:132,4,0,269
BRDA:132,4,1,610
BRDA:133,5,0,129
BRDA:133,5,1,140
BRDA:135,6,0,34
BRDA:135,6,1,95
BRDA:136,7,0,34
BRDA:136,7,1,95
BRDA:141,8,0,610
BRDA:141,8,1,0
BRDA:157,9,0,2
BRDA:157,9,1,0
BRDA:157,10,0,2
BRDA:157,10,1,2
BRDA:159,11,0,0
BRDA:159,11,1,0
BRDA:159,12,0,0
BRDA:159,12,1,0
BRDA:161,13,0,0
BRDA:161,13,1,0
BRDA:164,14,0,0
BRDA:164,14,1,2
BRDA:166,15,0,0
BRDA:166,15,1,2
BRDA:168,16,0,1
BRDA:168,16,1,1
BRDA:169,17,0,2
BRDA:169,17,1,2
BRDA:169,17,2,2
BRDA:169,17,3,2
BRDA:174,18,0,0
BRDA:174,18,1,1
BRDA:174,19,0,1
BRDA:174,19,1,0
BRDA:189,20,0,450
BRDA:201,21,0,198
BRDA:201,21,1,252
BRDA:201,22,0,450
BRDA:201,22,1,271
BRDA:201,22,2,270
BRDA:207,23,0,196
BRDA:207,23,1,2
BRDA:213,24,0,3
BRDA:213,24,1,195
BRDA:217,25,0,2
BRDA:217,25,1,1
BRDA:220,26,0,0
BRDA:220,26,1,3
BRDA:237,27,0,783
BRDA:237,27,1,1382
BRDA:239,28,0,754
BRDA:239,28,1,29
BRDA:241,29,0,21
BRDA:241,29,1,761
BRDA:241,30,0,782
BRDA:241,30,1,58
BRDA:254,31,0,615
BRDA:254,31,1,146
BRDA:256,32,0,90
BRDA:256,32,1,56
BRDA:258,33,0,7
BRDA:258,33,1,49
BRDA:261,34,0,606
BRDA:261,34,1,155
BRDA:261,35,0,761
BRDA:261,35,1,696
BRDA:269,36,0,227
BRDA:269,36,1,1155
BRDA:270,37,0,22
BRDA:270,37,1,205
BRDA:280,38,0,12
BRDA:280,38,1,10
BRDA:280,39,0,22
BRDA:280,39,1,14
BRDA:285,40,0,61
BRDA:285,40,1,1094
BRDA:287,41,0,36
BRDA:287,41,1,1058
BRDA:289,42,0,303
BRDA:289,42,1,755
BRDA:291,43,0,55
BRDA:291,43,1,700
BRDA:299,44,0,0
BRDA:299,44,1,55
BRDA:304,45,0,2
BRDA:304,45,1,50
BRDA:311,46,0,6
BRDA:311,46,1,44
BRDA:313,47,0,44
BRDA:313,47,1,32
BRDA:320,48,0,40
BRDA:320,48,1,10
BRDA:324,49,0,6
BRDA:324,49,1,43
BRDA:339,50,0,36
BRDA:339,50,1,32
BRDA:345,51,0,32
BRDA:345,51,1,21
BRDA:350,52,0,21
BRDA:350,52,1,11
BRDA:350,53,0,5
BRDA:350,53,1,6
BRDA:351,54,0,25
BRDA:351,54,1,7
BRDA:351,55,0,32
BRDA:351,55,1,30
BRDA:361,56,0,262
BRDA:361,56,1,179
BRDA:373,57,0,39
BRDA:373,57,1,1
BRDA:382,58,0,41
BRDA:382,58,1,20
BRDA:383,59,0,3
BRDA:383,59,1,38
BRDA:397,60,0,2
BRDA:397,60,1,1
BRDA:401,61,0,1
BRDA:401,61,1,1
BRDA:408,62,0,39
BRDA:408,62,1,3
BRDA:416,63,0,2
BRDA:416,63,1,39
BRDA:416,64,0,41
BRDA:416,64,1,3
BRDA:418,65,0,1
BRDA:418,65,1,1
BRDA:420,66,0,2
BRDA:420,66,1,0
BRDA:428,67,0,223
BRDA:428,67,1,215
BRDA:431,68,0,221
BRDA:431,68,1,2
BRDA:433,69,0,483
BRDA:433,69,1,349
BRDA:434,70,0,90
BRDA:434,70,1,393
BRDA:446,71,0,25
BRDA:446,71,1,278
BRDA:448,72,0,278
BRDA:448,72,1,0
BRDA:449,73,0,19
BRDA:449,73,1,284
BRDA:450,74,0,19
BRDA:450,74,1,284
BRDA:487,75,0,73
BRDA:487,75,1,37
BRDA:487,75,2,36
BRDA:487,75,3,36
BRDA:491,76,0,40
BRDA:491,76,1,33
BRDA:492,77,0,38
BRDA:492,77,1,2
BRDA:502,78,0,0
BRDA:502,78,1,3
BRDA:504,79,0,3
BRDA:504,79,1,0
BRDA:510,80,0,0
BRDA:510,80,1,0
BRDA:519,81,0,3
BRDA:519,81,1,1
BRDA:525,82,0,24
BRDA:525,82,1,49
BRDA:533,83,0,46
BRDA:533,83,1,27
BRDA:533,84,0,73
BRDA:533,84,1,49
BRDA:537,85,0,6
BRDA:537,85,1,67
BRF:177
BRH:157
end_of_record
TN:
SF:src\internals\fsxn.ts
FN:32,sleepSync
FN:49,retryTransient
FN:114,stage
FN:127,stageRemoval
FN:131,preview
FN:135,commit
FN:146,(anonymous_6)
FN:175,(anonymous_7)
FN:177,(anonymous_8)
FN:181,(anonymous_9)
FN:202,(anonymous_10)
FN:206,(anonymous_11)
FN:207,(anonymous_12)
FN:219,dedupeRemovals
FN:230,freeLegacyDest
FN:231,(anonymous_15)
FN:252,freeBackupDest
FN:253,(anonymous_17)
FN:269,rollbackRemovals
FN:283,dedupeByPath
FN:290,lstatSafe
FN:304,clearScratch
FN:313,rollback
FN:328,readIfExists
FN:332,(anonymous_24)
FN:351,readRegularFile
FNF:26
FNH:26
FNDA:11,sleepSync
FNDA:3536,retryTransient
FNDA:663,stage
FNDA:51,stageRemoval
FNDA:1,preview
FNDA:288,commit
FNDA:657,(anonymous_6)
FNDA:58,(anonymous_7)
FNDA:651,(anonymous_8)
FNDA:651,(anonymous_9)
FNDA:46,(anonymous_10)
FNDA:650,(anonymous_11)
FNDA:650,(anonymous_12)
FNDA:288,dedupeRemovals
FNDA:38,freeLegacyDest
FNDA:40,(anonymous_15)
FNDA:9,freeBackupDest
FNDA:11,(anonymous_17)
FNDA:7,rollbackRemovals
FNDA:288,dedupeByPath
FNDA:2059,lstatSafe
FNDA:1305,clearScratch
FNDA:7,rollback
FNDA:7440,readIfExists
FNDA:2127,(anonymous_24)
FNDA:334,readRegularFile
DA:28,100
DA:29,100
DA:33,11
DA:50,3536
DA:51,3536
DA:52,3547
DA:53,3547
DA:55,13
DA:56,13
DA:57,13
DA:58,11
DA:59,11
DA:111,474
DA:112,474
DA:115,663
DA:128,51
DA:132,1
DA:136,288
DA:137,288
DA:141,288
DA:142,288
DA:146,657
DA:147,288
DA:148,51
DA:149,1
DA:152,287
DA:153,287
DA:154,656
DA:158,656
DA:159,656
DA:160,1
DA:162,653
DA:163,653
DA:164,653
DA:169,653
DA:170,653
DA:172,653
DA:173,58
DA:175,58
DA:177,651
DA:178,651
DA:181,651
DA:182,651
DA:185,282
DA:186,49
DA:187,49
DA:191,48
DA:192,1
DA:194,47
DA:201,47
DA:202,49
DA:203,49
DA:205,280
DA:206,650
DA:207,650
DA:211,7
DA:212,7
DA:213,7
DA:220,288
DA:221,288
DA:222,288
DA:231,38
DA:232,40
DA:233,40
DA:234,2
DA:235,2
DA:237,38
DA:238,2
DA:239,2
DA:240,2
DA:242,0
DA:253,9
DA:254,11
DA:255,11
DA:256,3
DA:257,2
DA:259,9
DA:260,2
DA:261,9
DA:262,2
DA:263,2
DA:265,0
DA:270,7
DA:271,1
DA:272,1
DA:273,1
DA:274,1
DA:284,288
DA:285,662
DA:286,288
DA:291,2059
DA:292,2059
DA:294,1938
DA:305,1305
DA:306,1305
DA:307,8
DA:308,2
DA:310,6
DA:314,7
DA:315,1
DA:316,1
DA:317,1
DA:318,0
DA:319,0
DA:332,7440
DA:336,100
DA:353,334
DA:354,334
DA:356,70
DA:358,264
DA:359,264
DA:360,263
DA:362,264
LF:113
LH:109
BRDA:56,0,0,13
BRDA:56,0,1,13
BRDA:57,1,0,2
BRDA:57,1,1,11
BRDA:57,2,0,13
BRDA:57,2,1,12
BRDA:127,3,0,51
BRDA:148,4,0,1
BRDA:148,4,1,50
BRDA:159,5,0,1
BRDA:159,5,1,655
BRDA:172,6,0,58
BRDA:172,6,1,595
BRDA:178,7,0,23
BRDA:178,7,1,628
BRDA:187,8,0,1
BRDA:187,8,1,48
BRDA:191,9,0,1
BRDA:191,9,1,47
BRDA:201,10,0,9
BRDA:201,10,1,38
BRDA:207,11,0,58
BRDA:207,11,1,592
BRDA:233,12,0,38
BRDA:233,12,1,2
BRDA:234,13,0,0
BRDA:234,13,1,2
BRDA:237,14,0,36
BRDA:237,14,1,2
BRDA:240,15,0,2
BRDA:240,15,1,0
BRDA:255,16,0,8
BRDA:255,16,1,3
BRDA:256,17,0,1
BRDA:256,17,1,2
BRDA:259,18,0,6
BRDA:259,18,1,3
BRDA:260,19,0,2
BRDA:260,19,1,0
BRDA:263,20,0,2
BRDA:263,20,1,0
BRDA:272,21,0,1
BRDA:272,21,1,0
BRDA:272,22,0,1
BRDA:272,22,1,1
BRDA:306,23,0,1297
BRDA:306,23,1,8
BRDA:307,24,0,2
BRDA:307,24,1,6
BRDA:316,25,0,1
BRDA:316,25,1,0
BRDA:317,26,0,1
BRDA:317,26,1,0
BRDA:318,27,0,0
BRDA:318,27,1,0
BRDA:318,28,0,0
BRDA:318,28,1,0
BRDA:332,29,0,2127
BRDA:332,29,1,5313
BRDA:336,30,0,100
BRDA:336,30,1,100
BRDA:359,31,0,1
BRDA:359,31,1,263
BRF:63
BRH:52
end_of_record
TN:
SF:src\internals\git-hooks.ts
FN:8,normalizeHooksPath
FN:17,usesManagedHooksPath
FN:39,preCommitHookActive
FNF:3
FNH:3
FNDA:2,normalizeHooksPath
FNDA:2,usesManagedHooksPath
FNDA:41,preCommitHookActive
DA:6,31
DA:9,2
DA:18,2
DA:19,2
DA:20,2
DA:21,2
DA:22,4
DA:23,4
DA:24,4
DA:25,2
DA:26,2
DA:28,2
DA:29,2
DA:30,2
DA:32,0
DA:40,41
DA:41,11
LF:17
LH:16
BRDA:19,0,0,0
BRDA:19,0,1,2
BRDA:24,1,0,2
BRDA:24,1,1,2
BRDA:28,2,0,0
BRDA:28,2,1,2
BRDA:28,3,0,2
BRDA:28,3,1,2
BRDA:28,3,2,2
BRDA:30,4,0,2
BRDA:30,4,1,0
BRDA:30,5,0,2
BRDA:30,5,1,2
BRDA:30,6,0,2
BRDA:30,6,1,0
BRDA:40,7,0,30
BRDA:40,7,1,11
BRDA:41,8,0,11
BRDA:41,8,1,2
BRF:19
BRH:15
end_of_record
TN:
SF:src\internals\git.ts
FN:9,gitRead
FN:16,gitInt
FNF:2
FNH:2
FNDA:740,gitRead
FNDA:18,gitInt
DA:10,740
DA:11,740
DA:12,714
DA:17,18
DA:18,18
LF:5
LH:5
BRDA:11,0,0,26
BRDA:11,0,1,714
BRDA:11,1,0,740
BRDA:11,1,1,727
BRDA:16,2,0,18
BRDA:17,3,0,18
BRDA:17,3,1,0
BRDA:18,4,0,16
BRDA:18,4,1,2
BRF:9
BRH:8
end_of_record
TN:
SF:src\internals\gitignore.ts
FN:33,excludesAihDir
FN:38,isOwnedLine
FN:53,aihIgnoreWrite
FN:62,(anonymous_3)
FNF:4
FNH:4
FNDA:46,excludesAihDir
FNDA:154,isOwnedLine
FNDA:283,aihIgnoreWrite
FNDA:154,(anonymous_3)
DA:6,51
DA:18,51
DA:21,51
DA:34,46
DA:39,154
DA:40,154
DA:54,283
DA:55,283
DA:57,283
DA:58,255
DA:60,28
DA:61,28
DA:62,154
DA:63,28
DA:64,28
DA:65,28
DA:67,28
DA:69,283
LF:18
LH:18
BRDA:40,0,0,154
BRDA:40,0,1,46
BRDA:57,1,0,255
BRDA:57,1,1,28
BRDA:64,2,0,9
BRDA:64,2,1,19
BRDA:65,3,0,1
BRDA:65,3,1,27
BRDA:67,4,0,21
BRDA:67,4,1,7
BRF:10
BRH:10
end_of_record
TN:
SF:src\internals\markers.ts
FN:26,beginLine
FN:30,endLine
FN:34,escapeRegExp
FN:38,blockPattern
FN:50,mergeManagedBlock
FN:87,stripManagedBlock
FN:109,extractManagedBlock
FN:122,meaningfulLines
FN:126,(anonymous_8)
FN:127,(anonymous_9)
FN:150,splitManagedBody
FN:154,(anonymous_11)
FNF:12
FNH:12
FNDA:193,beginLine
FNDA:357,endLine
FNDA:328,escapeRegExp
FNDA:21,blockPattern
FNDA:172,mergeManagedBlock
FNDA:8,stripManagedBlock
FNDA:135,extractManagedBlock
FNDA:14,meaningfulLines
FNDA:439,(anonymous_8)
FNDA:439,(anonymous_9)
FNDA:16,splitManagedBody
FNDA:320,(anonymous_11)
DA:27,193
DA:31,357
DA:35,328
DA:40,21
DA:55,172
DA:57,172
DA:58,151
DA:59,151
DA:62,21
DA:63,21
DA:64,21
DA:67,21
DA:68,16
DA:70,5
DA:71,5
DA:73,21
DA:74,21
DA:88,8
DA:91,8
DA:94,8
DA:99,7
[...]
FN:556,(anonymous_52)
FN:569,workspaceAddPhase2Plan
FN:582,(anonymous_54)
FN:588,(anonymous_55)
FN:593,(anonymous_56)
FN:599,(anonymous_57)
FN:609,(anonymous_58)
FN:618,hasFailedExec
FN:619,(anonymous_60)
FN:622,readSetupText
FN:630,saveSupport
FN:667,contextFromCommand
FN:715,runWorkspaceAdd
FN:719,(anonymous_65)
FN:722,(anonymous_66)
FN:723,(anonymous_67)
FNF:68
FNH:63
FNDA:162,optionString
FNDA:54,sourceFromContext
FNDA:36,workspaceAddPhase1Plan
FNDA:244,collectSkillDirs
FNDA:1140,(anonymous_4)
FNDA:56,(anonymous_5)
FNDA:68,collectFiles
FNDA:142,(anonymous_7)
FNDA:4,(anonymous_8)
FNDA:112,sourceDirSortKey
FNDA:517,promotedSkillRel
FNDA:72,isTextPromotionFile
FNDA:68,buildPromotion
FNDA:59,(anonymous_13)
FNDA:38,(anonymous_14)
FNDA:58,(anonymous_15)
FNDA:1,(anonymous_16)
FNDA:68,(anonymous_17)
FNDA:70,(anonymous_18)
FNDA:70,(anonymous_19)
FNDA:68,(anonymous_20)
FNDA:70,(anonymous_21)
FNDA:27,existingLock
FNDA:101,metadataFor
FNDA:68,sourceBinding
FNDA:33,sameSourceBinding
FNDA:28,sameArtifactHashes
FNDA:16,mergedLockEntry
FNDA:4,(anonymous_28)
FNDA:4,(anonymous_29)
FNDA:3,(anonymous_30)
FNDA:27,lockWithSource
FNDA:28,(anonymous_32)
FNDA:10,(anonymous_33)
FNDA:11,(anonymous_34)
FNDA:32,probesForChecks
FNDA:26,(anonymous_36)
FNDA:26,(anonymous_37)
FNDA:1,acceptedAcknowledgementFingerprints
FNDA:1,(anonymous_39)
FNDA:0,(anonymous_40)
FNDA:4,persistAcknowledgeLedger
FNDA:71,currentTrustScan
FNDA:22,safeSkillLabel
FNDA:31,unapprovedSkillChecks
FNDA:32,(anonymous_45)
FNDA:15,(anonymous_46)
FNDA:32,(anonymous_47)
FNDA:22,(anonymous_48)
FNDA:1,sourceChangedCheck
FNDA:71,sourceRootFor
FNDA:39,captureClearedWorkspaceAddTrustGate
FNDA:39,(anonymous_52)
FNDA:33,workspaceAddPhase2Plan
FNDA:0,(anonymous_54)
FNDA:34,(anonymous_55)
FNDA:22,(anonymous_56)
FNDA:1,(anonymous_57)
FNDA:27,(anonymous_58)
FNDA:13,hasFailedExec
FNDA:3,(anonymous_60)
FNDA:8,readSetupText
FNDA:8,saveSupport
FNDA:9,contextFromCommand
FNDA:9,runWorkspaceAdd
FNDA:0,(anonymous_65)
FNDA:0,(anonymous_66)
FNDA:0,(anonymous_67)
DA:90,37
DA:92,37
DA:116,162
DA:117,162
DA:121,54
DA:122,54
DA:123,0
DA:124,54
DA:136,36
DA:137,36
DA:138,36
DA:142,244
DA:143,244
DA:144,1140
DA:145,1140
DA:146,827
DA:147,827
DA:148,896
DA:150,244
DA:151,244
DA:155,68
DA:156,68
DA:157,142
DA:158,142
DA:159,70
DA:160,74
DA:161,70
DA:163,72
DA:165,68
DA:166,68
DA:170,112
DA:174,517
DA:175,513
DA:176,513
DA:177,513
DA:178,513
DA:179,517
DA:183,72
DA:184,72
DA:200,68
DA:203,68
DA:204,68
DA:205,0
DA:207,68
DA:208,59
DA:209,38
DA:210,36
DA:211,1
DA:218,67
DA:220,58
DA:221,68
DA:222,0
DA:233,67
DA:234,35
DA:235,35
DA:236,37
DA:237,37
DA:238,62
DA:239,62
DA:240,62
DA:241,1
DA:247,35
DA:248,1
DA:250,1
DA:257,66
DA:258,68
DA:259,68
DA:260,68
DA:263,70
DA:264,70
DA:265,70
DA:274,66
DA:275,70
DA:282,68
DA:283,70
DA:288,27
DA:292,101
DA:296,68
DA:297,68
DA:307,33
DA:320,28
DA:339,16
DA:344,16
DA:345,4
DA:346,4
DA:347,4
DA:350,3
DA:371,27
DA:372,27
DA:373,27
DA:383,28
DA:392,27
DA:393,27
DA:396,11
DA:403,32
DA:407,1
DA:411,1
DA:415,0
DA:424,4
DA:425,1
DA:426,1
DA:427,1
DA:428,0
DA:451,71
DA:456,71
DA:457,71
DA:466,22
DA:467,22
DA:496,31
DA:498,31
DA:499,31
DA:500,32
DA:502,15
DA:507,31
DA:508,31
DA:509,31
DA:510,32
DA:512,22
DA:513,22
DA:514,22
DA:515,19
DA:521,3
DA:531,1
DA:540,71
DA:549,39
DA:550,39
DA:551,1
DA:553,38
DA:554,39
DA:555,39
DA:556,39
DA:557,1
DA:559,37
DA:560,37
DA:575,33
DA:577,33
DA:578,33
DA:579,33
DA:580,0
DA:583,0
DA:587,33
DA:588,34
DA:589,2
DA:591,31
DA:592,31
DA:593,31
DA:594,3
DA:596,28
DA:597,1
DA:600,1
DA:604,27
DA:605,27
DA:609,27
DA:615,27
DA:619,13
DA:623,8
DA:624,24
DA:625,24
DA:627,8
DA:639,8
DA:640,8
DA:655,8
DA:656,8
DA:657,0
DA:658,0
DA:659,0
DA:660,0
DA:661,0
DA:664,8
DA:668,9
DA:669,9
DA:670,9
DA:671,9
DA:672,9
DA:673,9
DA:674,9
DA:675,9
DA:676,9
DA:677,9
DA:684,9
DA:691,9
DA:692,9
DA:719,9
DA:720,9
DA:721,9
DA:722,9
DA:723,9
DA:724,9
DA:726,9
DA:727,9
DA:728,9
DA:729,9
DA:731,9
DA:732,9
DA:733,9
DA:734,9
DA:735,4
DA:737,4
DA:738,4
DA:740,4
DA:743,4
DA:744,4
DA:745,4
DA:748,4
DA:750,5
DA:751,1
DA:752,0
DA:753,1
DA:755,4
DA:757,4
DA:758,4
DA:759,4
DA:760,4
DA:761,9
DA:762,9
DA:764,9
DA:765,0
DA:767,4
DA:768,4
DA:769,4
DA:772,4
DA:774,0
DA:775,0
DA:776,0
DA:777,0
DA:778,0
DA:780,9
LF:227
LH:208
BRDA:117,0,0,54
BRDA:117,0,1,108
BRDA:117,1,0,162
BRDA:117,1,1,54
BRDA:122,2,0,0
BRDA:122,2,1,54
BRDA:136,3,0,36
BRDA:136,3,1,15
BRDA:145,4,0,313
BRDA:145,4,1,827
BRDA:146,5,0,0
BRDA:146,5,1,827
BRDA:146,6,0,827
BRDA:146,6,1,583
BRDA:147,7,0,292
BRDA:147,7,1,535
BRDA:158,8,0,70
BRDA:158,8,1,72
BRDA:159,9,0,0
BRDA:159,9,1,70
BRDA:159,10,0,70
BRDA:159,10,1,2
BRDA:163,11,0,72
BRDA:163,11,1,0
BRDA:170,12,0,0
BRDA:170,12,1,112
BRDA:174,13,0,4
BRDA:174,13,1,513
BRDA:178,14,0,346
BRDA:178,14,1,167
BRDA:179,15,0,513
BRDA:179,15,1,0
BRDA:184,16,0,72
BRDA:184,16,1,72
BRDA:200,17,0,55
BRDA:200,17,1,13
BRDA:204,18,0,0
BRDA:204,18,1,68
BRDA:207,19,0,36
BRDA:207,19,1,32
BRDA:210,20,0,1
BRDA:210,20,1,35
BRDA:218,21,0,32
BRDA:218,21,1,35
BRDA:221,22,0,0
BRDA:221,22,1,68
BRDA:233,23,0,35
BRDA:233,23,1,32
BRDA:240,24,0,1
BRDA:240,24,1,61
BRDA:240,25,0,62
BRDA:240,25,1,3
BRDA:247,26,0,1
BRDA:247,26,1,34
BRDA:292,27,0,26
BRDA:292,27,1,75
BRDA:300,28,0,14
BRDA:300,28,1,54
BRDA:301,29,0,14
BRDA:301,29,1,54
BRDA:308,30,0,33
BRDA:308,30,1,33
BRDA:308,30,2,33
BRDA:308,30,3,33
BRDA:308,30,4,33
BRDA:339,31,0,16
BRDA:339,31,1,5
BRDA:339,31,2,5
BRDA:339,31,3,5
BRDA:339,31,4,2
BRDA:339,31,5,2
BRDA:344,32,0,12
BRDA:344,32,1,4
BRDA:344,33,0,16
BRDA:344,33,1,5
BRDA:376,34,0,6
BRDA:376,34,1,21
BRDA:377,35,0,6
BRDA:377,35,1,21
BRDA:397,36,0,16
BRDA:397,36,1,11
BRDA:403,37,0,26
BRDA:403,37,1,0
BRDA:408,38,0,1
BRDA:408,38,1,0
BRDA:411,39,0,1
BRDA:411,39,1,1
BRDA:411,39,2,0
BRDA:413,40,0,0
BRDA:413,40,1,0
BRDA:424,41,0,3
BRDA:424,41,1,1
BRDA:424,42,0,4
BRDA:424,42,1,4
BRDA:427,43,0,1
BRDA:427,43,1,0
BRDA:427,44,0,1
BRDA:427,44,1,0
BRDA:467,45,0,0
BRDA:467,45,1,22
BRDA:498,46,0,6
BRDA:498,46,1,25
BRDA:502,47,0,15
BRDA:502,47,1,11
BRDA:503,48,0,0
BRDA:503,48,1,11
BRDA:504,49,0,0
BRDA:504,49,1,0
BRDA:508,50,0,6
BRDA:508,50,1,25
BRDA:508,51,0,6
BRDA:508,51,1,0
BRDA:514,52,0,19
BRDA:514,52,1,3
BRDA:540,53,0,56
BRDA:540,53,1,15
BRDA:549,54,0,0
BRDA:549,54,1,39
BRDA:550,55,0,1
BRDA:550,55,1,38
BRDA:553,56,0,38
BRDA:553,56,1,16
BRDA:556,57,0,1
BRDA:556,57,1,37
BRDA:575,58,0,0
BRDA:575,58,1,33
BRDA:577,59,0,33
BRDA:577,59,1,14
BRDA:579,60,0,0
BRDA:579,60,1,33
BRDA:588,61,0,2
BRDA:588,61,1,31
BRDA:593,62,0,3
BRDA:593,62,1,28
BRDA:596,63,0,1
BRDA:596,63,1,27
BRDA:619,64,0,3
BRDA:619,64,1,2
BRDA:625,65,0,0
BRDA:625,65,1,24
BRDA:639,66,0,0
BRDA:639,66,1,8
BRDA:643,67,0,8
BRDA:643,67,1,0
BRDA:647,68,0,8
BRDA:647,68,1,8
BRDA:647,69,0,8
BRDA:647,69,1,8
BRDA:656,70,0,0
BRDA:656,70,1,8
BRDA:656,71,0,8
BRDA:656,71,1,0
BRDA:668,72,0,9
BRDA:668,72,1,0
BRDA:669,73,0,9
BRDA:669,73,1,1
BRDA:671,74,0,9
BRDA:671,74,1,0
BRDA:671,74,2,0
BRDA:674,75,0,9
BRDA:674,75,1,0
BRDA:675,76,0,0
BRDA:675,76,1,9
BRDA:676,77,0,0
BRDA:676,77,1,9
BRDA:688,78,0,9
BRDA:688,78,1,0
BRDA:717,79,0,9
BRDA:719,80,0,9
BRDA:719,80,1,0
BRDA:720,81,0,9
BRDA:720,81,1,0
BRDA:722,82,0,9
BRDA:722,82,1,0
BRDA:723,83,0,9
BRDA:723,83,1,0
BRDA:733,84,0,9
BRDA:733,84,1,0
BRDA:734,85,0,4
BRDA:734,85,1,5
BRDA:734,86,0,9
BRDA:734,86,1,5
BRDA:735,87,0,0
BRDA:735,87,1,4
BRDA:738,88,0,4
BRDA:738,88,1,0
BRDA:740,89,0,4
BRDA:740,89,1,0
BRDA:740,90,0,4
BRDA:740,90,1,4
BRDA:743,91,0,0
BRDA:743,91,1,4
BRDA:744,92,0,4
BRDA:744,92,1,0
BRDA:750,93,0,1
BRDA:750,93,1,4
BRDA:750,94,0,5
BRDA:750,94,1,1
BRDA:751,95,0,1
BRDA:751,95,1,0
BRDA:760,96,0,4
BRDA:760,96,1,4
BRDA:761,97,0,9
BRDA:761,97,1,0
BRDA:762,98,0,9
BRDA:762,98,1,4
BRDA:762,99,0,0
BRDA:762,99,1,4
BRDA:764,100,0,0
BRDA:764,100,1,4
BRDA:768,101,0,4
BRDA:768,101,1,0
BRDA:774,102,0,0
BRDA:774,102,1,0
BRDA:775,103,0,0
BRDA:775,103,1,0
BRDA:776,104,0,0
BRDA:776,104,1,0
BRF:218
BRH:162
end_of_record
TN:
SF:src\workspace\detect.ts
FN:5,normalizeRepoPath
FN:14,(anonymous_1)
FN:15,(anonymous_2)
FN:21,isGitRepo
FN:37,detectChildRepos
FN:39,(anonymous_5)
FN:40,(anonymous_6)
FN:47,(anonymous_7)
FN:63,(anonymous_8)
FN:64,(anonymous_9)
FN:76,reposOption
FN:80,(anonymous_11)
FN:81,(anonymous_12)
FNF:13
FNH:11
FNDA:6,normalizeRepoPath
FNDA:6,(anonymous_1)
FNDA:5,(anonymous_2)
FNDA:2,isGitRepo
FNDA:26,detectChildRepos
FNDA:4,(anonymous_5)
FNDA:4,(anonymous_6)
FNDA:2,(anonymous_7)
FNDA:43,(anonymous_8)
FNDA:35,(anonymous_9)
FNDA:20,reposOption
FNDA:0,(anonymous_11)
FNDA:0,(anonymous_12)
DA:6,6
DA:7,6
DA:8,6
DA:9,1
DA:14,6
DA:15,5
DA:16,1
DA:18,4
DA:22,2
DA:23,2
DA:24,2
DA:26,0
DA:38,26
DA:39,5
DA:40,5
DA:41,5
DA:42,1
DA:47,2
DA:48,2
DA:49,1
DA:54,1
DA:57,21
DA:58,21
DA:60,0
DA:62,21
DA:63,43
DA:65,35
DA:66,35
DA:67,35
DA:69,0
DA:77,20
DA:78,0
DA:80,0
DA:81,0
LF:34
LH:28
BRDA:7,0,0,0
BRDA:7,0,1,6
BRDA:8,1,0,1
BRDA:8,1,1,5
BRDA:8,2,0,6
BRDA:8,2,1,6
BRDA:8,2,2,5
BRDA:15,3,0,1
BRDA:15,3,1,4
BRDA:15,4,0,5
BRDA:15,4,1,5
BRDA:24,5,0,2
BRDA:24,5,1,2
BRDA:37,6,0,26
BRDA:38,7,0,5
BRDA:38,7,1,21
BRDA:41,8,0,1
BRDA:41,8,1,4
BRDA:48,9,0,1
BRDA:48,9,1,1
BRDA:67,10,0,35
BRDA:67,10,1,29
BRDA:77,11,0,20
BRDA:77,11,1,0
BRDA:77,12,0,20
BRDA:77,12,1,0
BRF:26
BRH:23
end_of_record
TN:
SF:src\workspace\git.ts
FN:24,repoIgnorePattern
FN:28,workspaceGitignorePatterns
FN:33,workspaceGitignoreWrite
FN:36,(anonymous_3)
FN:37,(anonymous_4)
FN:49,writeWouldChange
FN:58,gitConfigValue
FN:63,assertGitIdentity
FN:71,(anonymous_8)
FN:82,workspaceGitExecs
FN:88,(anonymous_10)
FN:89,(anonymous_11)
FN:123,workspaceGitignoreMissing
FN:127,(anonymous_13)
FN:128,(anonymous_14)
FNF:15
FNH:15
FNDA:14,repoIgnorePattern
FNDA:7,workspaceGitignorePatterns
FNDA:7,workspaceGitignoreWrite
FNDA:14,(anonymous_3)
FNDA:43,(anonymous_4)
FNDA:70,writeWouldChange
FNDA:6,gitConfigValue
FNDA:3,assertGitIdentity
FNDA:6,(anonymous_8)
FNDA:7,workspaceGitExecs
FNDA:70,(anonymous_10)
FNDA:60,(anonymous_11)
FNDA:4,workspaceGitignoreMissing
FNDA:13,(anonymous_13)
FNDA:6,(anonymous_14)
DA:15,24
DA:22,24
DA:25,14
DA:29,7
DA:34,7
DA:35,7
DA:36,14
DA:37,43
DA:38,7
DA:40,7
DA:46,7
DA:52,70
DA:53,70
DA:54,70
DA:55,69
DA:59,6
DA:60,6
DA:64,3
DA:68,3
DA:71,6
DA:72,3
DA:73,1
DA:86,7
DA:87,7
DA:88,70
DA:89,60
DA:91,7
DA:92,7
DA:93,5
DA:97,7
DA:98,6
DA:99,5
DA:120,6
DA:127,13
DA:128,6
LF:35
LH:35
BRDA:36,0,0,7
BRDA:36,0,1,5
BRDA:40,1,0,5
BRDA:40,1,1,2
BRDA:42,2,0,1
BRDA:42,2,1,1
BRDA:54,3,0,1
BRDA:54,3,1,69
BRDA:54,4,0,70
BRDA:54,4,1,7
BRDA:60,5,0,4
BRDA:60,5,1,2
BRDA:60,6,0,6
BRDA:60,6,1,4
BRDA:69,7,0,1
BRDA:69,7,1,2
BRDA:70,8,0,1
BRDA:70,8,1,2
BRDA:72,9,0,2
BRDA:72,9,1,1
BRDA:92,10,0,5
BRDA:92,10,1,2
BRDA:97,11,0,6
BRDA:97,11,1,1
BRDA:98,12,0,3
BRDA:98,12,1,3
BRDA:127,13,0,4
BRDA:127,13,1,0
BRF:28
BRH:27
end_of_record
TN:
SF:src\workspace\index.ts
FN:23,hasObjectRepos
FN:28,(anonymous_1)
FN:33,childScaffoldedProbe
FN:34,(anonymous_3)
FN:53,workspacePlan
FNF:5
FNH:5
FNDA:20,hasObjectRepos
FNDA:4,(anonymous_1)
FNDA:23,childScaffoldedProbe
FNDA:1,(anonymous_3)
FNDA:20,workspacePlan
DA:24,20
DA:28,4
DA:34,23
DA:35,1
DA:36,1
DA:37,1
DA:54,20
DA:57,20
DA:58,20
DA:59,20
DA:60,20
DA:62,20
DA:65,20
DA:67,20
DA:117,20
DA:119,20
DA:128,23
DA:130,19
DA:133,15
LF:19
LH:19
BRDA:25,0,0,20
BRDA:25,0,1,3
BRDA:25,0,2,3
BRDA:25,0,3,3
BRDA:28,1,0,4
BRDA:28,1,1,0
BRDA:37,2,0,0
BRDA:37,2,1,1
BRDA:57,3,0,20
BRDA:57,3,1,0
BRDA:62,4,0,3
BRDA:62,4,1,17
BRDA:62,5,0,20
BRDA:62,5,1,3
BRDA:65,6,0,20
BRDA:65,6,1,17
BRDA:70,7,0,0
BRDA:70,7,1,20
BRDA:71,8,0,0
BRDA:71,8,1,0
BRDA:73,9,0,18
BRDA:73,9,1,2
BRDA:112,10,0,20
BRDA:112,10,1,19
BRDA:112,11,0,20
BRDA:112,11,1,19
BRDA:117,12,0,7
BRDA:117,12,1,13
BRDA:125,13,0,7
BRDA:125,13,1,13
BRF:30
BRH:24
end_of_record
TN:
SF:src\workspace\manifest.ts
FN:50,cleanPrintable
FN:56,normalizeWorkspacePath
FN:63,(anonymous_2)
FN:64,(anonymous_3)
FN:70,safeId
FN:79,idFromPath
FN:84,safeKind
FN:91,defaultRouter
FN:95,normalizeRouter
FN:101,normalizeRepo
FN:119,normalizeEdge
FN:147,emptyManifest
FN:159,parseWorkspaceManifest
FN:166,(anonymous_13)
FN:239,readWorkspaceManifest
FN:252,workspaceManifestExists
FN:256,workspaceReposFromPaths
FN:260,(anonymous_17)
FNF:18
FNH:18
FNDA:120,cleanPrintable
FNDA:83,normalizeWorkspacePath
FNDA:100,(anonymous_2)
FNDA:99,(anonymous_3)
FNDA:22,safeId
FNDA:46,idFromPath
FNDA:11,safeKind
FNDA:31,defaultRouter
FNDA:6,normalizeRouter
FNDA:32,normalizeRepo
FNDA:5,normalizeEdge
FNDA:1,emptyManifest
FNDA:22,parseWorkspaceManifest
FNDA:22,(anonymous_13)
FNDA:64,readWorkspaceManifest
FNDA:38,workspaceManifestExists
FNDA:18,workspaceReposFromPaths
FNDA:22,(anonymous_17)
DA:48,25
DA:51,120
DA:52,0
DA:57,83
DA:58,83
DA:59,83
DA:60,0
DA:62,83
DA:63,100
DA:64,99
DA:65,1
DA:67,82
DA:71,22
DA:72,22
DA:73,22
DA:74,1
DA:76,21
DA:80,46
DA:81,46
DA:85,11
DA:86,10
DA:87,10
DA:88,10
DA:92,31
DA:96,6
DA:102,32
DA:103,25
DA:104,25
DA:106,7
DA:107,7
DA:108,7
DA:109,7
DA:110,7
DA:111,32
DA:120,5
DA:121,5
DA:122,5
DA:123,5
DA:124,5
DA:125,5
DA:126,0
DA:128,5
DA:130,5
DA:134,5
DA:137,5
DA:148,1
DA:163,22
DA:164,0
DA:165,22
DA:166,22
DA:167,22
DA:168,2
DA:170,20
DA:171,20
DA:173,0
DA:174,0
DA:177,22
DA:178,22
DA:179,22
DA:180,22
DA:181,0
DA:183,22
DA:184,32
DA:185,32
DA:186,32
DA:187,1
DA:188,1
DA:190,29
DA:191,29
DA:193,2
DA:196,22
DA:197,22
DA:198,22
DA:199,22
DA:200,0
DA:202,22
DA:203,5
DA:204,5
DA:205,5
DA:206,0
DA:207,0
DA:209,5
DA:210,5
DA:212,0
DA:216,22
DA:217,0
DA:218,0
DA:220,0
DA:223,22
DA:243,64
DA:244,64
DA:245,20
DA:246,20
DA:248,1
DA:253,38
DA:260,18
DA:261,22
DA:262,22
LF:98
LH:84
BRDA:51,0,0,0
BRDA:51,0,1,120
BRDA:56,1,0,83
BRDA:58,2,0,0
BRDA:58,2,1,83
BRDA:59,3,0,0
BRDA:59,3,1,83
BRDA:59,4,0,83
BRDA:59,4,1,83
BRDA:59,4,2,83
BRDA:64,5,0,1
BRDA:64,5,1,82
BRDA:64,6,0,99
BRDA:64,6,1,99
BRDA:70,7,0,22
BRDA:73,8,0,1
BRDA:73,8,1,21
BRDA:81,9,0,46
BRDA:81,9,1,0
BRDA:81,10,0,46
BRDA:81,10,1,46
BRDA:85,11,0,1
BRDA:85,11,1,10
BRDA:85,12,0,11
BRDA:85,12,1,10
BRDA:96,13,0,0
BRDA:96,13,1,6
BRDA:96,14,0,6
BRDA:96,14,1,0
BRDA:102,15,0,25
BRDA:102,15,1,7
BRDA:106,16,0,0
BRDA:106,16,1,7
BRDA:108,17,0,0
BRDA:108,17,1,7
BRDA:110,18,0,7
BRDA:110,18,1,0
BRDA:114,19,0,5
BRDA:114,19,1,1
BRDA:120,20,0,0
BRDA:120,20,1,5
BRDA:121,21,0,5
BRDA:121,21,1,0
BRDA:122,22,0,5
BRDA:122,22,1,0
BRDA:123,23,0,5
BRDA:123,23,1,0
BRDA:124,24,0,5
BRDA:124,24,1,0
BRDA:125,25,0,0
BRDA:125,25,1,5
BRDA:125,26,0,5
BRDA:125,26,1,5
BRDA:125,26,2,5
BRDA:125,26,3,5
BRDA:130,27,0,5
BRDA:130,27,1,0
BRDA:130,28,0,5
BRDA:130,28,1,5
BRDA:134,29,0,4
BRDA:134,29,1,1
BRDA:134,30,0,5
BRDA:134,30,1,4
BRDA:142,31,0,5
BRDA:142,31,1,0
BRDA:143,32,0,4
BRDA:143,32,1,1
BRDA:161,33,0,22
BRDA:163,34,0,0
BRDA:163,34,1,22
BRDA:167,35,0,2
BRDA:167,35,1,20
BRDA:167,36,0,22
BRDA:167,36,1,20
BRDA:180,37,0,0
BRDA:180,37,1,22
BRDA:180,38,0,22
BRDA:180,38,1,22
BRDA:183,39,0,22
BRDA:183,39,1,0
BRDA:186,40,0,1
BRDA:186,40,1,31
BRDA:199,41,0,0
BRDA:199,41,1,22
BRDA:199,42,0,22
BRDA:199,42,1,4
BRDA:202,43,0,4
BRDA:202,43,1,18
BRDA:205,44,0,0
BRDA:205,44,1,5
BRDA:216,45,0,0
BRDA:216,45,1,22
BRDA:216,46,0,22
BRDA:216,46,1,0
BRDA:224,47,0,1
BRDA:224,47,1,21
BRDA:227,48,0,2
BRDA:227,48,1,20
BRDA:228,49,0,8
BRDA:228,49,1,14
BRDA:229,50,0,7
BRDA:229,50,1,15
BRDA:234,51,0,0
BRDA:234,51,1,22
BRDA:235,52,0,8
BRDA:235,52,1,14
BRDA:241,53,0,64
BRDA:244,54,0,44
BRDA:244,54,1,20
BRDA:258,55,0,18
BRF:110
BRH:85
end_of_record
TN:
SF:src\workspace\snapshot.ts
FN:9,slugify
FN:17,timestampSlug
FN:24,workspaceSnapshotPlan
FNF:3
FNH:3
FNDA:1,slugify
FNDA:2,timestampSlug
FNDA:2,workspaceSnapshotPlan
DA:10,1
DA:14,1
DA:18,2
DA:25,2
DA:26,2
DA:27,0
DA:29,2
DA:30,2
DA:33,2
DA:34,2
DA:35,2
DA:43,2
DA:44,1
DA:52,2
DA:55,15
LF:15
LH:14
BRDA:14,0,0,1
BRDA:14,0,1,0
BRDA:17,1,0,2
BRDA:26,2,0,0
BRDA:26,2,1,2
BRDA:29,3,0,1
BRDA:29,3,1,1
BRDA:31,4,0,1
BRDA:31,4,1,1
BRDA:33,5,0,1
BRDA:33,5,1,1
BRDA:43,6,0,1
BRDA:43,6,1,1
BRF:13
BRH:11
end_of_record
TN:
SF:src\workspace\state.ts
FN:24,gitChildRead
FN:34,parseAheadBehind
FN:44,readWorkspaceRepoState
FN:67,collectWorkspaceSnapshot
FN:82,latestWorkspaceSnapshotPath
FN:87,(anonymous_5)
FNF:6
FNH:6
FNDA:56,gitChildRead
FNDA:11,parseAheadBehind
FNDA:12,readWorkspaceRepoState
FNDA:2,collectWorkspaceSnapshot
FNDA:9,latestWorkspaceSnapshotPath
FNDA:1,(anonymous_5)
DA:29,56
DA:30,56
DA:31,46
DA:35,11
DA:36,11
DA:37,11
DA:38,11
DA:48,12
DA:49,12
DA:50,11
DA:51,11
DA:52,11
DA:53,12
DA:56,11
DA:72,2
DA:73,2
DA:74,2
DA:83,9
DA:85,9
DA:86,9
DA:87,1
DA:90,8
DA:92,1
DA:93,1
LF:24
LH:24
BRDA:30,0,0,10
BRDA:30,0,1,46
BRDA:30,1,0,56
BRDA:30,1,1,56
BRDA:35,2,0,11
BRDA:35,2,1,10
BRDA:36,3,0,11
BRDA:36,3,1,0
BRDA:37,4,0,11
BRDA:37,4,1,11
BRDA:39,5,0,0
BRDA:39,5,1,11
BRDA:40,6,0,0
BRDA:40,6,1,11
BRDA:49,7,0,1
BRDA:49,7,1,11
BRDA:52,8,0,11
BRDA:52,8,1,0
BRDA:59,9,0,11
BRDA:59,9,1,0
BRDA:60,10,0,11
BRDA:60,10,1,0
BRDA:70,11,0,2
BRDA:76,12,0,2
BRDA:76,12,1,2
BRDA:77,13,0,1
BRDA:77,13,1,1
BRDA:93,14,0,1
BRDA:93,14,1,0
BRF:29
BRH:22
end_of_record
TN:
SF:src\workspace\task-plan.ts
FN:21,slugify
FN:29,timestampSlug
FN:36,repoOrder
FN:48,orderedRepos
FN:49,(anonymous_4)
FN:52,affectedContracts
FN:54,(anonymous_6)
FN:58,(anonymous_7)
FN:63,taskPlanDoc
FN:76,(anonymous_9)
FN:81,(anonymous_10)
FN:105,(anonymous_11)
FN:109,workspaceTaskPlan
FNF:13
FNH:13
FNDA:1,slugify
FNDA:1,timestampSlug
FNDA:4,repoOrder
FNDA:2,orderedRepos
FNDA:2,(anonymous_4)
FNDA:1,affectedContracts
FNDA:1,(anonymous_6)
FNDA:2,(anonymous_7)
FNDA:1,taskPlanDoc
FNDA:2,(anonymous_9)
FNDA:2,(anonymous_10)
FNDA:2,(anonymous_11)
FNDA:1,workspaceTaskPlan
DA:9,15
DA:22,1
DA:26,1
DA:30,1
DA:37,4
DA:38,4
DA:39,0
DA:40,0
DA:41,0
DA:42,0
DA:43,0
DA:44,0
DA:45,0
DA:49,2
DA:53,1
DA:54,1
DA:55,1
DA:58,2
DA:59,1
DA:68,1
DA:69,1
DA:76,2
DA:81,2
DA:105,2
DA:110,1
DA:111,1
DA:113,1
DA:116,1
DA:117,1
DA:118,1
DA:129,15
LF:31
LH:24
BRDA:26,0,0,1
BRDA:26,0,1,0
BRDA:29,1,0,1
BRDA:38,2,0,4
BRDA:38,2,1,0
BRDA:38,3,0,4
BRDA:38,3,1,4
BRDA:40,4,0,0
BRDA:40,4,1,0
BRDA:40,5,0,0
BRDA:40,5,1,0
BRDA:41,6,0,0
BRDA:41,6,1,0
BRDA:42,7,0,0
BRDA:42,7,1,0
BRDA:43,8,0,0
BRDA:43,8,1,0
BRDA:43,9,0,0
BRDA:43,9,1,0
BRDA:43,9,2,0
BRDA:44,10,0,0
BRDA:44,10,1,0
BRDA:49,11,0,2
BRDA:49,11,1,0
BRDA:53,12,0,0
BRDA:53,12,1,1
BRDA:56,13,0,1
BRDA:56,13,1,0
BRDA:57,14,0,1
BRDA:57,14,1,0
BRDA:59,15,0,1
BRDA:59,15,1,0
BRDA:76,16,0,1
BRDA:76,16,1,0
BRDA:80,17,0,1
BRDA:80,17,1,0
BRDA:111,18,0,0
BRDA:111,18,1,1
BRDA:113,19,0,1
BRDA:113,19,1,0
BRDA:113,20,0,1
BRDA:113,20,1,1
BRDA:116,21,0,0
BRDA:116,21,1,1
BRF:44
BRH:17
end_of_record
TN:
SF:src\workspace\templates.ts
FN:5,workspaceMarker
FN:17,codeWorkspace
FN:19,(anonymous_2)
FN:32,spanningMcp
FN:53,repoDisplayPath
FN:57,childRouterPath
FN:62,workspaceRouterDoc
FN:65,(anonymous_7)
FN:88,workspaceContractsDoc
FN:91,(anonymous_9)
FN:117,crossRepoArchitectureDoc
FN:118,(anonymous_11)
FN:128,(anonymous_12)
FN:129,(anonymous_13)
FN:176,repoDisciplineDoc
FN:179,(anonymous_15)
FN:202,workspaceBootloader
FN:225,nextStepsDoc
FN:228,(anonymous_18)
FNF:19
FNH:19
FNDA:20,workspaceMarker
FNDA:20,codeWorkspace
FNDA:24,(anonymous_2)
FNDA:20,spanningMcp
FNDA:24,repoDisplayPath
FNDA:24,childRouterPath
FNDA:20,workspaceRouterDoc
FNDA:24,(anonymous_7)
FNDA:20,workspaceContractsDoc
FNDA:1,(anonymous_9)
FNDA:20,crossRepoArchitectureDoc
FNDA:24,(anonymous_11)
FNDA:28,(anonymous_12)
FNDA:28,(anonymous_13)
FNDA:20,repoDisciplineDoc
FNDA:24,(anonymous_15)
FNDA:40,workspaceBootloader
FNDA:20,nextStepsDoc
FNDA:24,(anonymous_18)
DA:6,20
DA:18,20
DA:19,24
DA:34,20
DA:37,20
DA:54,24
DA:58,24
DA:64,20
DA:67,24
DA:70,20
DA:90,20
DA:93,1
DA:100,20
DA:118,24
DA:126,20
DA:127,20
DA:128,28
DA:129,28
DA:130,20
DA:178,20
DA:181,24
DA:184,20
DA:208,40
DA:227,20
DA:228,24
DA:230,20
DA:235,20
LF:27
LH:27
BRDA:5,0,0,20
BRDA:11,1,0,7
BRDA:11,1,1,13
BRDA:34,2,0,1
BRDA:34,2,1,19
BRDA:34,3,0,20
BRDA:34,3,1,1
BRDA:54,4,0,0
BRDA:54,4,1,24
BRDA:64,5,0,18
BRDA:64,5,1,2
BRDA:67,6,0,24
BRDA:67,6,1,24
BRDA:90,7,0,1
BRDA:90,7,1,19
BRDA:93,8,0,1
BRDA:93,8,1,0
BRDA:93,9,0,1
BRDA:93,9,1,0
BRDA:126,10,0,18
BRDA:126,10,1,2
BRDA:138,11,0,18
BRDA:138,11,1,2
BRDA:178,12,0,18
BRDA:178,12,1,2
BRDA:219,13,0,36
BRDA:219,13,1,4
BRDA:225,14,0,20
BRDA:227,15,0,18
BRDA:227,15,1,2
BRDA:230,16,0,7
BRDA:230,16,1,13
BRDA:236,17,0,18
BRDA:236,17,1,2
BRF:34
BRH:31
end_of_record
